Using pre-set license
Built from '6000.0/staging' branch; Version is '6000.0.40f1 (157d81624ddf) revision 1408385'; Using compiler version '193933523'; Build Type 'Release'
OS: 'Windows 11  (10.0.26100) 64bit Core' Language: 'ko' Physical Memory: 65356 MB
BatchMode: 1, IsHumanControllingUs: 0, StartBugReporterOnCrash: 0, Is64bit: 1, IsPro: 1

COMMAND LINE ARGUMENTS:
C:\Program Files\Unity\Hub\Editor\6000.0.40f1\Editor\Unity.exe
-adb2
-batchMode
-noUpm
-name
AssetImportWorker0
-projectPath
C:/BasicUnity/1945Game
-logFile
Logs/AssetImportWorker0.log
-srvPort
50209
-job-worker-count
9
-background-job-worker-count
8
-gc-helper-count
1
Successfully changed project path to: C:/BasicUnity/1945Game
C:/BasicUnity/1945Game
[UnityMemory] Configuration Parameters - Can be set up in boot.config
    "memorysetup-bucket-allocator-granularity=16"
    "memorysetup-bucket-allocator-bucket-count=8"
    "memorysetup-bucket-allocator-block-size=33554432"
    "memorysetup-bucket-allocator-block-count=8"
    "memorysetup-main-allocator-block-size=16777216"
    "memorysetup-thread-allocator-block-size=16777216"
    "memorysetup-gfx-main-allocator-block-size=16777216"
    "memorysetup-gfx-thread-allocator-block-size=16777216"
    "memorysetup-cache-allocator-block-size=4194304"
    "memorysetup-typetree-allocator-block-size=2097152"
    "memorysetup-profiler-bucket-allocator-granularity=16"
    "memorysetup-profiler-bucket-allocator-bucket-count=8"
    "memorysetup-profiler-bucket-allocator-block-size=33554432"
    "memorysetup-profiler-bucket-allocator-block-count=8"
    "memorysetup-profiler-allocator-block-size=16777216"
    "memorysetup-profiler-editor-allocator-block-size=1048576"
    "memorysetup-temp-allocator-size-main=16777216"
    "memorysetup-job-temp-allocator-block-size=2097152"
    "memorysetup-job-temp-allocator-block-size-background=1048576"
    "memorysetup-job-temp-allocator-reduction-small-platforms=262144"
    "memorysetup-allocator-temp-initial-block-size-main=262144"
    "memorysetup-allocator-temp-initial-block-size-worker=262144"
    "memorysetup-temp-allocator-size-background-worker=32768"
    "memorysetup-temp-allocator-size-job-worker=262144"
    "memorysetup-temp-allocator-size-preload-manager=33554432"
    "memorysetup-temp-allocator-size-nav-mesh-worker=65536"
    "memorysetup-temp-allocator-size-audio-worker=65536"
    "memorysetup-temp-allocator-size-cloud-worker=32768"
    "memorysetup-temp-allocator-size-gi-baking-worker=262144"
    "memorysetup-temp-allocator-size-gi-baking-worker=262144"
    "memorysetup-temp-allocator-size-gi-baking-worker=262144"
    "memorysetup-temp-allocator-size-gi-baking-worker=262144"
    "memorysetup-temp-allocator-size-gi-baking-worker=262144"
    "memorysetup-temp-allocator-size-gfx=262144"
Player connection [17256]  Target information:

Player connection [17256]  * "[IP] 220.86.63.244 [Port] 0 [Flags] 2 [Guid] 3884929098 [EditorId] 3884929098 [Version] 1048832 [Id] WindowsEditor(7,y2k) [Debug] 1 [PackageName] WindowsEditor [ProjectName] Editor" 

Player connection [17256] Host joined multi-casting on [225.0.0.222:54997]...
Player connection [17256] Host joined alternative multi-casting on [225.0.0.222:34997]...
JobSystem: Creating JobQueue using job-worker-count value 9
Input System module state changed to: Initialized.
[Physics::Module] Initialized fallback backend.
[Physics::Module] Id: 0xdecafbad
Library Redirect Path: Library/
[Physics::Module] Selected backend.
[Physics::Module] Name: PhysX
[Physics::Module] Id: 0xf2b8ea05
[Physics::Module] SDK Version: 4.1.2
[Physics::Module] Integration Version: 1.0.0
[Physics::Module] Threading Mode: Multi-Threaded
Refreshing native plugins compatible for Editor in 1.15 ms, found 4 plugins.
Preloading 0 native plugins for Editor in 0.00 ms.
Initialize engine version: 6000.0.40f1 (157d81624ddf)
[Subsystems] Discovering subsystems at path C:/Program Files/Unity/Hub/Editor/6000.0.40f1/Editor/Data/Resources/UnitySubsystems
[Subsystems] Discovering subsystems at path C:/BasicUnity/1945Game/Assets
GfxDevice: creating device client; kGfxThreadingModeNonThreaded
Direct3D:
    Version:  Direct3D 11.0 [level 11.1]
    Renderer: NVIDIA GeForce RTX 4070 Ti (ID=0x2782)
    Vendor:   NVIDIA
    VRAM:     11996 MB
    Driver:   32.0.15.6094
Initialize mono
Mono path[0] = 'C:/Program Files/Unity/Hub/Editor/6000.0.40f1/Editor/Data/Managed'
Mono path[1] = 'C:/Program Files/Unity/Hub/Editor/6000.0.40f1/Editor/Data/MonoBleedingEdge/lib/mono/unityjit-win32'
Mono config path = 'C:/Program Files/Unity/Hub/Editor/6000.0.40f1/Editor/Data/MonoBleedingEdge/etc'
Using monoOptions --debugger-agent=transport=dt_socket,embedding=1,server=y,suspend=n,address=127.0.0.1:56868
Begin MonoManager ReloadAssembly
Registering precompiled unity dll's ...
Register platform support module: C:/Program Files/Unity/Hub/Editor/6000.0.40f1/Editor/Data/PlaybackEngines/WebGLSupport/UnityEditor.WebGL.Extensions.dll
Register platform support module: C:/Program Files/Unity/Hub/Editor/6000.0.40f1/Editor/Data/PlaybackEngines/WindowsStandaloneSupport/UnityEditor.WindowsStandalone.Extensions.dll
Register platform support module: C:/Program Files/Unity/Hub/Editor/6000.0.40f1/Editor/Data/PlaybackEngines/MetroSupport/UnityEditor.UWP.Extensions.dll
Register platform support module: C:/Program Files/Unity/Hub/Editor/6000.0.40f1/Editor/Data/PlaybackEngines/AndroidPlayer/UnityEditor.Android.Extensions.dll
Registered in 0.002965 seconds.
- Loaded All Assemblies, in  0.268 seconds
Native extension for Android target not found
Android Extension - Scanning For ADB Devices 193 ms
Native extension for UWP target not found
Native extension for WindowsStandalone target not found
Native extension for WebGL target not found
Mono: successfully reloaded assembly
- Finished resetting the current domain, in  0.436 seconds
Domain Reload Profiling: 703ms
	BeginReloadAssembly (91ms)
		ExecutionOrderSort (0ms)
		DisableScriptedObjects (0ms)
		BackupInstance (0ms)
		ReleaseScriptingObjects (0ms)
		CreateAndSetChildDomain (1ms)
	RebuildCommonClasses (24ms)
	RebuildNativeTypeToScriptingClass (8ms)
	initialDomainReloadingComplete (34ms)
	LoadAllAssembliesAndSetupDomain (111ms)
		LoadAssemblies (89ms)
		RebuildTransferFunctionScriptingTraits (0ms)
		AnalyzeDomain (108ms)
			TypeCache.Refresh (106ms)
				TypeCache.ScanAssembly (96ms)
			BuildScriptInfoCaches (0ms)
			ResolveRequiredComponents (0ms)
	FinalizeReload (436ms)
		ReleaseScriptCaches (0ms)
		RebuildScriptCaches (0ms)
		SetupLoadedEditorAssemblies (409ms)
			LogAssemblyErrors (0ms)
			InitializePlatformSupportModulesInManaged (252ms)
			SetLoadedEditorAssemblies (3ms)
			BeforeProcessingInitializeOnLoad (34ms)
			ProcessInitializeOnLoadAttributes (81ms)
			ProcessInitializeOnLoadMethodAttributes (39ms)
			AfterProcessingInitializeOnLoad (0ms)
			EditorAssembliesLoaded (0ms)
		ExecutionOrderSort2 (0ms)
		AwakeInstancesAfterBackupRestoration (0ms)
========================================================================
Worker process is ready to serve import requests
Import Worker Mode flag is 0x00
Begin MonoManager ReloadAssembly
- Loaded All Assemblies, in  0.478 seconds
Refreshing native plugins compatible for Editor in 0.86 ms, found 4 plugins.
Native extension for Android target not found
Native extension for UWP target not found
Native extension for WindowsStandalone target not found
Native extension for WebGL target not found
Mono: successfully reloaded assembly
- Finished resetting the current domain, in  0.398 seconds
Domain Reload Profiling: 874ms
	BeginReloadAssembly (114ms)
		ExecutionOrderSort (0ms)
		DisableScriptedObjects (4ms)
		BackupInstance (0ms)
		ReleaseScriptingObjects (0ms)
		CreateAndSetChildDomain (21ms)
	RebuildCommonClasses (25ms)
	RebuildNativeTypeToScriptingClass (8ms)
	initialDomainReloadingComplete (25ms)
	LoadAllAssembliesAndSetupDomain (304ms)
		LoadAssemblies (228ms)
		RebuildTransferFunctionScriptingTraits (0ms)
		AnalyzeDomain (144ms)
			TypeCache.Refresh (109ms)
				TypeCache.ScanAssembly (94ms)
			BuildScriptInfoCaches (29ms)
			ResolveRequiredComponents (3ms)
	FinalizeReload (399ms)
		ReleaseScriptCaches (0ms)
		RebuildScriptCaches (0ms)
		SetupLoadedEditorAssemblies (327ms)
			LogAssemblyErrors (0ms)
			InitializePlatformSupportModulesInManaged (8ms)
			SetLoadedEditorAssemblies (3ms)
			BeforeProcessingInitializeOnLoad (62ms)
			ProcessInitializeOnLoadAttributes (223ms)
			ProcessInitializeOnLoadMethodAttributes (28ms)
			AfterProcessingInitializeOnLoad (2ms)
			EditorAssembliesLoaded (0ms)
		ExecutionOrderSort2 (0ms)
		AwakeInstancesAfterBackupRestoration (4ms)
Launched and connected shader compiler UnityShaderCompiler.exe after 0.01 seconds
Refreshing native plugins compatible for Editor in 0.86 ms, found 4 plugins.
Preloading 0 native plugins for Editor in 0.00 ms.
Unloading 14 Unused Serialized files (Serialized files now loaded: 0)
Unloading 4729 unused Assets / (1.7 MB). Loaded Objects now: 5205.
Memory consumption went from 90.7 MB to 88.9 MB.
Total: 4.480300 ms (FindLiveObjects: 0.292100 ms CreateObjectMapping: 0.148200 ms MarkObjects: 3.066100 ms  DeleteObjects: 0.973200 ms)

========================================================================
Received Import Request.
  Time since last request: 4233.298867 seconds.
  path: Assets/Scenes/SampleScene.unity
  artifactKey: Guid(2cda990e2423bbf4892e6590ba056729) Importer(2089858483,192608db42251d675da83286b1cce702)
Start importing Assets/Scenes/SampleScene.unity using Guid(2cda990e2423bbf4892e6590ba056729) Importer(2089858483,192608db42251d675da83286b1cce702) (ScriptedImporter) -> (artifact id: '502d887178c0474a57f2ed401c18b95f') in 0.0486708 seconds
Number of updated asset objects reloaded before import = 0Number of asset objects unloaded after import = 1

========================================================================
Received Import Request.
  Time since last request: 9.431027 seconds.
  path: Assets
  artifactKey: Guid(00000000000000001000000000000000) Importer(815301076,1909f56bfc062723c751e8b465ee728b)
Start importing Assets using Guid(00000000000000001000000000000000) Importer(815301076,1909f56bfc062723c751e8b465ee728b) (PreviewImporter) -> (artifact id: 'c391582d739b6e62a5220f35cbb167ac') in 0.0004372 seconds
Number of updated asset objects reloaded before import = 0Number of asset objects unloaded after import = 0

========================================================================
Received Import Request.
  Time since last request: 8.614568 seconds.
  path: Assets/Images
  artifactKey: Guid(d262e24e04bc8a24db744cc7a36549cb) Importer(815301076,1909f56bfc062723c751e8b465ee728b)
Start importing Assets/Images using Guid(d262e24e04bc8a24db744cc7a36549cb) Importer(815301076,1909f56bfc062723c751e8b465ee728b) (PreviewImporter) -> (artifact id: 'd897971a906f05087351ffd689bc5975') in 0.0003613 seconds
Number of updated asset objects reloaded before import = 0Number of asset objects unloaded after import = 0

========================================================================
Received Import Request.
  Time since last request: 0.978814 seconds.
  path: Assets/Images
  artifactKey: Guid(d262e24e04bc8a24db744cc7a36549cb) Importer(2089858483,192608db42251d675da83286b1cce702)
Start importing Assets/Images using Guid(d262e24e04bc8a24db744cc7a36549cb) Importer(2089858483,192608db42251d675da83286b1cce702) (ScriptedImporter) -> (artifact id: '274098b6f608849d5e40efcc0d1ed723') in 0.0135394 seconds
Number of updated asset objects reloaded before import = 0Number of asset objects unloaded after import = 1

========================================================================
Received Import Request.
  Time since last request: 43.112858 seconds.
  path: Assets/Images/Stage/Monster/air_Monster7.BMP
  artifactKey: Guid(079e46a0bf4c8844f957affc13762152) Importer(2089858483,192608db42251d675da83286b1cce702)
Start importing Assets/Images/Stage/Monster/air_Monster7.BMP using Guid(079e46a0bf4c8844f957affc13762152) Importer(2089858483,192608db42251d675da83286b1cce702) (ScriptedImporter) -> (artifact id: '77a10d43137d1a63e57a8011ebbee300') in 0.0664491 seconds
Number of updated asset objects reloaded before import = 0Number of asset objects unloaded after import = 3

========================================================================
Received Import Request.
  Time since last request: 0.000062 seconds.
  path: Assets/Images/Stage/Bullet/fire_lazer - 복사본 - 복사본.bmp
  artifactKey: Guid(ec9e8586678de3c47bcc8d1845a58a69) Importer(2089858483,192608db42251d675da83286b1cce702)
Start importing Assets/Images/Stage/Bullet/fire_lazer - 복사본 - 복사본.bmp using Guid(ec9e8586678de3c47bcc8d1845a58a69) Importer(2089858483,192608db42251d675da83286b1cce702) (ScriptedImporter) -> (artifact id: 'c24662ecd3a0668be0f7bb62a3b8419e') in 0.0146271 seconds
Number of updated asset objects reloaded before import = 0Number of asset objects unloaded after import = 3

========================================================================
Received Import Request.
  Time since last request: 0.000076 seconds.
  path: Assets/Images/Stage/Monster/fish.bmp
  artifactKey: Guid(606c7d9842d3c284c8896afe609f65ff) Importer(2089858483,192608db42251d675da83286b1cce702)
Start importing Assets/Images/Stage/Monster/fish.bmp using Guid(606c7d9842d3c284c8896afe609f65ff) Importer(2089858483,192608db42251d675da83286b1cce702) (ScriptedImporter) -> (artifact id: 'c25f8fc7b93c972040ce0928b8a7dd97') in 0.0169692 seconds
Number of updated asset objects reloaded before import = 0Number of asset objects unloaded after import = 3

========================================================================
Received Import Request.
  Time since last request: 0.000071 seconds.
  path: Assets/Images/Stage/Player
  artifactKey: Guid(b71b2fac99aa1824c944fddf0517fb04) Importer(2089858483,192608db42251d675da83286b1cce702)
Start importing Assets/Images/Stage/Player using Guid(b71b2fac99aa1824c944fddf0517fb04) Importer(2089858483,192608db42251d675da83286b1cce702) (ScriptedImporter) -> (artifact id: '3dca3791b8318f4405892fc1339d6868') in 0.0096795 seconds
Number of updated asset objects reloaded before import = 0Number of asset objects unloaded after import = 1

========================================================================
Received Import Request.
  Time since last request: 0.000095 seconds.
  path: Assets/Images/Stage/UI/Energy_bar5.bmp
  artifactKey: Guid(25b0ef12047cbad47b7a4649dcb1c69a) Importer(2089858483,192608db42251d675da83286b1cce702)
Start importing Assets/Images/Stage/UI/Energy_bar5.bmp using Guid(25b0ef12047cbad47b7a4649dcb1c69a) Importer(2089858483,192608db42251d675da83286b1cce702) (ScriptedImporter) -> (artifact id: '990ba5bb34c67458abd57a414ff52554') in 0.0160479 seconds
Number of updated asset objects reloaded before import = 0Number of asset objects unloaded after import = 3

========================================================================
Received Import Request.
  Time since last request: 0.000087 seconds.
  path: Assets/Images/Stage/Monster/air_Monster3.BMP
  artifactKey: Guid(171c8e48c9c5f9f43980d5c36e958b97) Importer(2089858483,192608db42251d675da83286b1cce702)
Start importing Assets/Images/Stage/Monster/air_Monster3.BMP using Guid(171c8e48c9c5f9f43980d5c36e958b97) Importer(2089858483,192608db42251d675da83286b1cce702) (ScriptedImporter) -> (artifact id: '5267918a9686aff6f678c0bb02b3a60b') in 0.0172848 seconds
Number of updated asset objects reloaded before import = 0Number of asset objects unloaded after import = 3

========================================================================
Received Import Request.
  Time since last request: 0.000048 seconds.
  path: Assets/Images/Stage/Monster/BigAirPlan.bmp
  artifactKey: Guid(789372b3af723154791ee075b556b7f6) Importer(2089858483,192608db42251d675da83286b1cce702)
Start importing Assets/Images/Stage/Monster/BigAirPlan.bmp using Guid(789372b3af723154791ee075b556b7f6) Importer(2089858483,192608db42251d675da83286b1cce702) (ScriptedImporter) -> (artifact id: '0b4220fd30889ff72722699cfff7a564') in 0.0162971 seconds
Number of updated asset objects reloaded before import = 0Number of asset objects unloaded after import = 3

========================================================================
Received Import Request.
  Time since last request: 0.000059 seconds.
  path: Assets/Images/Sound/Item.wav
  artifactKey: Guid(e751e39de74ad6841bd05b031af1796a) Importer(2089858483,192608db42251d675da83286b1cce702)
Start importing Assets/Images/Sound/Item.wav using Guid(e751e39de74ad6841bd05b031af1796a) Importer(2089858483,192608db42251d675da83286b1cce702) (ScriptedImporter) -> (artifact id: 'fb0232b47f0acc7a86911af11827e130') in 0.0191321 seconds
Number of updated asset objects reloaded before import = 0Number of asset objects unloaded after import = 1

========================================================================
Received Import Request.
  Time since last request: 0.000079 seconds.
  path: Assets/Images/Stage/Bullet
  artifactKey: Guid(3430ba5d7725935478a86e6b0d8fd605) Importer(2089858483,192608db42251d675da83286b1cce702)
Start importing Assets/Images/Stage/Bullet using Guid(3430ba5d7725935478a86e6b0d8fd605) Importer(2089858483,192608db42251d675da83286b1cce702) (ScriptedImporter) -> (artifact id: '8bd62749541f9299750612b00644d0ec') in 0.0105639 seconds
Number of updated asset objects reloaded before import = 0Number of asset objects unloaded after import = 1

========================================================================
Received Import Request.
  Time since last request: 0.000084 seconds.
  path: Assets/Images/Stage/Bullet/Magic_Elec3.bmp
  artifactKey: Guid(37c722ade8f54cf439b4c4682e2eb934) Importer(2089858483,192608db42251d675da83286b1cce702)
Start importing Assets/Images/Stage/Bullet/Magic_Elec3.bmp using Guid(37c722ade8f54cf439b4c4682e2eb934) Importer(2089858483,192608db42251d675da83286b1cce702) (ScriptedImporter) -> (artifact id: '4f89c328a21c1bcd54bb52baa50d592c') in 0.0187046 seconds
Number of updated asset objects reloaded before import = 0Number of asset objects unloaded after import = 3

========================================================================
Received Import Request.
  Time since last request: 0.000059 seconds.
  path: Assets/Images/Stage/Bullet/LMBullet_Straight.bmp
  artifactKey: Guid(ef5fa60c439fcee4db90b71f791ea024) Importer(2089858483,192608db42251d675da83286b1cce702)
Start importing Assets/Images/Stage/Bullet/LMBullet_Straight.bmp using Guid(ef5fa60c439fcee4db90b71f791ea024) Importer(2089858483,192608db42251d675da83286b1cce702) (ScriptedImporter) -> (artifact id: 'cd294deaf01fd4562353d264e7eb5351') in 0.0156812 seconds
Number of updated asset objects reloaded before import = 0Number of asset objects unloaded after import = 3

========================================================================
Received Import Request.
  Time since last request: 0.000054 seconds.
  path: Assets/Images/Stage/Bullet/MBasic_Bullet.bmp
  artifactKey: Guid(e628e3b090eea9a44aa3ff5ac9afdbf6) Importer(2089858483,192608db42251d675da83286b1cce702)
Start importing Assets/Images/Stage/Bullet/MBasic_Bullet.bmp using Guid(e628e3b090eea9a44aa3ff5ac9afdbf6) Importer(2089858483,192608db42251d675da83286b1cce702) (ScriptedImporter) -> (artifact id: 'bc8230b53da51397289572cda0f8a66e') in 0.013639 seconds
Number of updated asset objects reloaded before import = 0Number of asset objects unloaded after import = 3

========================================================================
Received Import Request.
  Time since last request: 0.000042 seconds.
  path: Assets/Images/Stage/Monster/Boss_right.bmp
  artifactKey: Guid(2acdc819f0ac3fb468a1d499185c90cc) Importer(2089858483,192608db42251d675da83286b1cce702)
Start importing Assets/Images/Stage/Monster/Boss_right.bmp using Guid(2acdc819f0ac3fb468a1d499185c90cc) Importer(2089858483,192608db42251d675da83286b1cce702) (ScriptedImporter) -> (artifact id: 'cd7774b7a3710f970d6a8065c6b4bf3a') in 0.0139607 seconds
Number of updated asset objects reloaded before import = 0Number of asset objects unloaded after import = 3

========================================================================
Received Import Request.
  Time since last request: 0.000016 seconds.
  path: Assets/Images/Stage/Bullet/Bullet_Mob_D.bmp
  artifactKey: Guid(515ad6cebbc357941be8b8da4a3aada8) Importer(2089858483,192608db42251d675da83286b1cce702)
Start importing Assets/Images/Stage/Bullet/Bullet_Mob_D.bmp using Guid(515ad6cebbc357941be8b8da4a3aada8) Importer(2089858483,192608db42251d675da83286b1cce702) (ScriptedImporter) -> (artifact id: '8f922d4e729c4d8e4d0ff980255a29ce') in 0.016486 seconds
Number of updated asset objects reloaded before import = 0Number of asset objects unloaded after import = 3

========================================================================
Received Import Request.
  Time since last request: 0.000063 seconds.
  path: Assets/Images/Stage/UI/BombUp.bmp
  artifactKey: Guid(ea495546e4eb0354897e1345a9ca89e1) Importer(2089858483,192608db42251d675da83286b1cce702)
Start importing Assets/Images/Stage/UI/BombUp.bmp using Guid(ea495546e4eb0354897e1345a9ca89e1) Importer(2089858483,192608db42251d675da83286b1cce702) (ScriptedImporter) -> (artifact id: '76c8c81745d8cd27b23874b7deec3dbf') in 0.0179336 seconds
Number of updated asset objects reloaded before import = 0Number of asset objects unloaded after import = 3

========================================================================
Received Import Request.
  Time since last request: 0.000031 seconds.
  path: Assets/Images/Stage/Monster/Monster_5_left.bmp
  artifactKey: Guid(222f0ccf38bdc6d468eb4f7778def3d1) Importer(2089858483,192608db42251d675da83286b1cce702)
Start importing Assets/Images/Stage/Monster/Monster_5_left.bmp using Guid(222f0ccf38bdc6d468eb4f7778def3d1) Importer(2089858483,192608db42251d675da83286b1cce702) (ScriptedImporter) -> (artifact id: 'ec7fb4e6f03c7939ab0c1c60018a2bc6') in 0.0166134 seconds
Number of updated asset objects reloaded before import = 0Number of asset objects unloaded after import = 3

========================================================================
Received Import Request.
  Time since last request: 0.000080 seconds.
  path: Assets/Images/Stage/Bomb/Bomb_Bullet3.bmp
  artifactKey: Guid(832709206a9706a4d9a529b3e211f870) Importer(2089858483,192608db42251d675da83286b1cce702)
Start importing Assets/Images/Stage/Bomb/Bomb_Bullet3.bmp using Guid(832709206a9706a4d9a529b3e211f870) Importer(2089858483,192608db42251d675da83286b1cce702) (ScriptedImporter) -> (artifact id: '82149c37016e0f0773eede47c0277b91') in 0.0183615 seconds
Number of updated asset objects reloaded before import = 0Number of asset objects unloaded after import = 3

========================================================================
Received Import Request.
  Time since last request: 0.000015 seconds.
  path: Assets/Images/Stage/Monster/Boss_right2.bmp
  artifactKey: Guid(cd5e4bd1258c92e41951a6580951f46a) Importer(2089858483,192608db42251d675da83286b1cce702)
Start importing Assets/Images/Stage/Monster/Boss_right2.bmp using Guid(cd5e4bd1258c92e41951a6580951f46a) Importer(2089858483,192608db42251d675da83286b1cce702) (ScriptedImporter) -> (artifact id: 'f47fd1ec3d86691bbb54887b67e60eb4') in 0.0168369 seconds
Number of updated asset objects reloaded before import = 0Number of asset objects unloaded after import = 3

========================================================================
Received Import Request.
  Time since last request: 0.000048 seconds.
  path: Assets/Images/Stage/Effect/Effect_3.bmp
  artifactKey: Guid(0be017428a82e204fa9041462090969b) Importer(2089858483,192608db42251d675da83286b1cce702)
Start importing Assets/Images/Stage/Effect/Effect_3.bmp using Guid(0be017428a82e204fa9041462090969b) Importer(2089858483,192608db42251d675da83286b1cce702) (ScriptedImporter) -> (artifact id: '7e8b225f7f88580d1711f5b321ea88c8') in 0.0172772 seconds
Number of updated asset objects reloaded before import = 0Number of asset objects unloaded after import = 3

========================================================================
Received Import Request.
  Time since last request: 0.000070 seconds.
  path: Assets/Images/Video/Select.wmv
  artifactKey: Guid(be4a147c50c574e49a41a2780ed1b466) Importer(2089858483,192608db42251d675da83286b1cce702)
Start importing Assets/Images/Video/Select.wmv using Guid(be4a147c50c574e49a41a2780ed1b466) Importer(2089858483,192608db42251d675da83286b1cce702) (ScriptedImporter) -> (artifact id: '569aff002dbd7e182b0f3b9cb63676a3') in 0.0146461 seconds
Number of updated asset objects reloaded before import = 0Number of asset objects unloaded after import = 1

========================================================================
Received Import Request.
  Time since last request: 0.000102 seconds.
  path: Assets/Images/Stage/Bullet/MGuide_Bullet.bmp
  artifactKey: Guid(a56f6f43781b0e24c881f6f72a18fac3) Importer(2089858483,192608db42251d675da83286b1cce702)
Start importing Assets/Images/Stage/Bullet/MGuide_Bullet.bmp using Guid(a56f6f43781b0e24c881f6f72a18fac3) Importer(2089858483,192608db42251d675da83286b1cce702) (ScriptedImporter) -> (artifact id: '40ca78921f1b4009bbf41d1e5bc31295') in 0.0168388 seconds
Number of updated asset objects reloaded before import = 0Number of asset objects unloaded after import = 3

========================================================================
Received Import Request.
  Time since last request: 0.000061 seconds.
  path: Assets/Images/Stage/Bullet/Bullet_Explo.bmp
  artifactKey: Guid(7462fce987f4fae4b927f157aaf6a0ca) Importer(2089858483,192608db42251d675da83286b1cce702)
Start importing Assets/Images/Stage/Bullet/Bullet_Explo.bmp using Guid(7462fce987f4fae4b927f157aaf6a0ca) Importer(2089858483,192608db42251d675da83286b1cce702) (ScriptedImporter) -> (artifact id: 'f4dcf38ae97b7fcd021115b4148b9f34') in 0.0174656 seconds
Number of updated asset objects reloaded before import = 0Number of asset objects unloaded after import = 3

========================================================================
Received Import Request.
  Time since last request: 0.000070 seconds.
  path: Assets/Images/Stage/Player/Player - 복사본.bmp
  artifactKey: Guid(cdef0e378cec18c49a9b16e6c8a0daee) Importer(2089858483,192608db42251d675da83286b1cce702)
Start importing Assets/Images/Stage/Player/Player - 복사본.bmp using Guid(cdef0e378cec18c49a9b16e6c8a0daee) Importer(2089858483,192608db42251d675da83286b1cce702) (ScriptedImporter) -> (artifact id: '8c069b302bb34d7fbb8d85ef89880632') in 0.0170516 seconds
Number of updated asset objects reloaded before import = 0Number of asset objects unloaded after import = 3

========================================================================
Received Import Request.
  Time since last request: 0.000065 seconds.
  path: Assets/Images/Stage/Bomb/Bomb_Bullet.bmp
  artifactKey: Guid(15b42c82c3cfd574db81eedc6df3dc57) Importer(2089858483,192608db42251d675da83286b1cce702)
Start importing Assets/Images/Stage/Bomb/Bomb_Bullet.bmp using Guid(15b42c82c3cfd574db81eedc6df3dc57) Importer(2089858483,192608db42251d675da83286b1cce702) (ScriptedImporter) -> (artifact id: '89348184e6e81b62aad8b306767b31cd') in 0.0169867 seconds
Number of updated asset objects reloaded before import = 0Number of asset objects unloaded after import = 3

========================================================================
Received Import Request.
  Time since last request: 0.000058 seconds.
  path: Assets/Images/Stage/Bullet/Magic_Elec.bmp
  artifactKey: Guid(1106742d10c36df4d9085abd9eb03a58) Importer(2089858483,192608db42251d675da83286b1cce702)
Start importing Assets/Images/Stage/Bullet/Magic_Elec.bmp using Guid(1106742d10c36df4d9085abd9eb03a58) Importer(2089858483,192608db42251d675da83286b1cce702) (ScriptedImporter) -> (artifact id: 'bef92ba7fb3b5cfaa8e93d26a8092c7f') in 0.018116 seconds
Number of updated asset objects reloaded before import = 0Number of asset objects unloaded after import = 3

========================================================================
Received Import Request.
  Time since last request: 0.000071 seconds.
  path: Assets/Images/Stage/Bullet/BossBullet.bmp
  artifactKey: Guid(dcb78210c7ded8348847df85d400da55) Importer(2089858483,192608db42251d675da83286b1cce702)
Start importing Assets/Images/Stage/Bullet/BossBullet.bmp using Guid(dcb78210c7ded8348847df85d400da55) Importer(2089858483,192608db42251d675da83286b1cce702) (ScriptedImporter) -> (artifact id: '15d18a9360225cc446c17f6bf3b2dc93') in 0.0158613 seconds
Number of updated asset objects reloaded before import = 0Number of asset objects unloaded after import = 3

========================================================================
Received Import Request.
  Time since last request: 0.000066 seconds.
  path: Assets/Images/Stage/Bullet/Guide_Bullet.bmp
  artifactKey: Guid(7cbbeed4d72792d489b411a85bdc718c) Importer(2089858483,192608db42251d675da83286b1cce702)
Start importing Assets/Images/Stage/Bullet/Guide_Bullet.bmp using Guid(7cbbeed4d72792d489b411a85bdc718c) Importer(2089858483,192608db42251d675da83286b1cce702) (ScriptedImporter) -> (artifact id: 'd05bd0b0571e453f99841e8378c0e41d') in 0.0156542 seconds
Number of updated asset objects reloaded before import = 0Number of asset objects unloaded after import = 3

========================================================================
Received Import Request.
  Time since last request: 0.000011 seconds.
  path: Assets/Images/Stage/Monster/air_Monster9.BMP
  artifactKey: Guid(8c1ddff6f2c162741937176c82a091ed) Importer(2089858483,192608db42251d675da83286b1cce702)
Start importing Assets/Images/Stage/Monster/air_Monster9.BMP using Guid(8c1ddff6f2c162741937176c82a091ed) Importer(2089858483,192608db42251d675da83286b1cce702) (ScriptedImporter) -> (artifact id: 'f8e8c245d2af4a17e2e82260d11665b4') in 0.0165234 seconds
Number of updated asset objects reloaded before import = 0Number of asset objects unloaded after import = 3

========================================================================
Received Import Request.
  Time since last request: 0.000061 seconds.
  path: Assets/Images/Stage/Player/Player_up - 복사본.bmp
  artifactKey: Guid(5045a96f6fe15ad41be804993f137458) Importer(2089858483,192608db42251d675da83286b1cce702)
Start importing Assets/Images/Stage/Player/Player_up - 복사본.bmp using Guid(5045a96f6fe15ad41be804993f137458) Importer(2089858483,192608db42251d675da83286b1cce702) (ScriptedImporter) -> (artifact id: 'c9c77d233c10bf1eb2defd7f0bd13514') in 0.0129541 seconds
Number of updated asset objects reloaded before import = 0Number of asset objects unloaded after import = 3

========================================================================
Received Import Request.
  Time since last request: 0.000074 seconds.
  path: Assets/Images/Stage/Monster/MidAirPlan.bmp
  artifactKey: Guid(b60226723b9be9845819d6c4988ecc54) Importer(2089858483,192608db42251d675da83286b1cce702)
Start importing Assets/Images/Stage/Monster/MidAirPlan.bmp using Guid(b60226723b9be9845819d6c4988ecc54) Importer(2089858483,192608db42251d675da83286b1cce702) (ScriptedImporter) -> (artifact id: '7e282d955aa5616e4a1c2b63f59bb6d9') in 0.0179525 seconds
Number of updated asset objects reloaded before import = 0Number of asset objects unloaded after import = 3

========================================================================
Received Import Request.
  Time since last request: 0.000033 seconds.
  path: Assets/Images/Stage/Bullet/Player_Bullet.bmp
  artifactKey: Guid(9b353ae6090c92a4d81d6a44dd6a5905) Importer(2089858483,192608db42251d675da83286b1cce702)
Start importing Assets/Images/Stage/Bullet/Player_Bullet.bmp using Guid(9b353ae6090c92a4d81d6a44dd6a5905) Importer(2089858483,192608db42251d675da83286b1cce702) (ScriptedImporter) -> (artifact id: '95427111a3713a9c5988e18393b3d95b') in 0.014614 seconds
Number of updated asset objects reloaded before import = 0Number of asset objects unloaded after import = 3

========================================================================
Received Import Request.
  Time since last request: 0.000051 seconds.
  path: Assets/Images/Stage/Bullet/Magic_Elec2 - 복사본.bmp
  artifactKey: Guid(56db0899419b62c44b77eb80499018a9) Importer(2089858483,192608db42251d675da83286b1cce702)
Start importing Assets/Images/Stage/Bullet/Magic_Elec2 - 복사본.bmp using Guid(56db0899419b62c44b77eb80499018a9) Importer(2089858483,192608db42251d675da83286b1cce702) (ScriptedImporter) -> (artifact id: '522d89d25c36005114efdf9b09978493') in 0.0186382 seconds
Number of updated asset objects reloaded before import = 0Number of asset objects unloaded after import = 3

========================================================================
Received Import Request.
  Time since last request: 0.000057 seconds.
  path: Assets/Images/Stage/UI/PowerUp - 복사본.bmp
  artifactKey: Guid(5d4c089d7aea7074995bf5822b1fe7b0) Importer(2089858483,192608db42251d675da83286b1cce702)
Start importing Assets/Images/Stage/UI/PowerUp - 복사본.bmp using Guid(5d4c089d7aea7074995bf5822b1fe7b0) Importer(2089858483,192608db42251d675da83286b1cce702) (ScriptedImporter) -> (artifact id: '21f5a9efb8db1c15f0fb454b313db026') in 0.0156175 seconds
Number of updated asset objects reloaded before import = 0Number of asset objects unloaded after import = 3

========================================================================
Received Import Request.
  Time since last request: 0.000062 seconds.
  path: Assets/Images/Stage/Bullet/Bullet_Eg_a.bmp
  artifactKey: Guid(2d00712a3160d4e48ba5f948dcc78f62) Importer(2089858483,192608db42251d675da83286b1cce702)
Start importing Assets/Images/Stage/Bullet/Bullet_Eg_a.bmp using Guid(2d00712a3160d4e48ba5f948dcc78f62) Importer(2089858483,192608db42251d675da83286b1cce702) (ScriptedImporter) -> (artifact id: '3d52e816e647527337d9c7859847b6c3') in 0.0159145 seconds
Number of updated asset objects reloaded before import = 0Number of asset objects unloaded after import = 3

========================================================================
Received Import Request.
  Time since last request: 0.000026 seconds.
  path: Assets/Images/Stage/Bullet/lazer_body.bmp
  artifactKey: Guid(14eb06021adf1ef47a3f8f16283b7af1) Importer(2089858483,192608db42251d675da83286b1cce702)
Start importing Assets/Images/Stage/Bullet/lazer_body.bmp using Guid(14eb06021adf1ef47a3f8f16283b7af1) Importer(2089858483,192608db42251d675da83286b1cce702) (ScriptedImporter) -> (artifact id: 'b39deac01b565335f00390b308183cc0') in 0.0172872 seconds
Number of updated asset objects reloaded before import = 0Number of asset objects unloaded after import = 3

========================================================================
Received Import Request.
  Time since last request: 0.000016 seconds.
  path: Assets/Images/Stage/Bullet/fire_lazer - 복사본.bmp
  artifactKey: Guid(bc83d9eb760790948963720e2af3befe) Importer(2089858483,192608db42251d675da83286b1cce702)
Start importing Assets/Images/Stage/Bullet/fire_lazer - 복사본.bmp using Guid(bc83d9eb760790948963720e2af3befe) Importer(2089858483,192608db42251d675da83286b1cce702) (ScriptedImporter) -> (artifact id: 'ba7f24c9d3bc93721db753f07da76c84') in 0.015421 seconds
Number of updated asset objects reloaded before import = 0Number of asset objects unloaded after import = 3

========================================================================
Received Import Request.
  Time since last request: 0.000020 seconds.
  path: Assets/Images/Stage/Monster/BossBoat_Posin9.bmp
  artifactKey: Guid(339150debf2458d429c181e0a5f24231) Importer(2089858483,192608db42251d675da83286b1cce702)
Start importing Assets/Images/Stage/Monster/BossBoat_Posin9.bmp using Guid(339150debf2458d429c181e0a5f24231) Importer(2089858483,192608db42251d675da83286b1cce702) (ScriptedImporter) -> (artifact id: '4d75449d3b0a0da6caf3f872c34639af') in 0.0158784 seconds
Number of updated asset objects reloaded before import = 0Number of asset objects unloaded after import = 3

========================================================================
Received Import Request.
  Time since last request: 0.000015 seconds.
  path: Assets/Images/Stage/Effect/Effect_4.BMP
  artifactKey: Guid(712ebcabf632c784a86584907e13897b) Importer(2089858483,192608db42251d675da83286b1cce702)
Start importing Assets/Images/Stage/Effect/Effect_4.BMP using Guid(712ebcabf632c784a86584907e13897b) Importer(2089858483,192608db42251d675da83286b1cce702) (ScriptedImporter) -> (artifact id: 'fb7aa3aa38d0d4f72b3e7b00160a72c2') in 0.0171975 seconds
Number of updated asset objects reloaded before import = 0Number of asset objects unloaded after import = 3

========================================================================
Received Import Request.
  Time since last request: 0.000058 seconds.
  path: Assets/Images/Stage/UI
  artifactKey: Guid(3d3559df5bf60bc47bced6e10a5d1467) Importer(2089858483,192608db42251d675da83286b1cce702)
Start importing Assets/Images/Stage/UI using Guid(3d3559df5bf60bc47bced6e10a5d1467) Importer(2089858483,192608db42251d675da83286b1cce702) (ScriptedImporter) -> (artifact id: '99acd9ede420235e9469391211fe8483') in 0.0086165 seconds
Number of updated asset objects reloaded before import = 0Number of asset objects unloaded after import = 1

========================================================================
Received Import Request.
  Time since last request: 0.000185 seconds.
  path: Assets/Images/Stage/Effect/Effect_1.bmp
  artifactKey: Guid(4e1df15aaa412664f884c843c7dcd662) Importer(2089858483,192608db42251d675da83286b1cce702)
Start importing Assets/Images/Stage/Effect/Effect_1.bmp using Guid(4e1df15aaa412664f884c843c7dcd662) Importer(2089858483,192608db42251d675da83286b1cce702) (ScriptedImporter) -> (artifact id: '9049a802a4dc4829c8c676ffdc6cf0b7') in 0.016877 seconds
Number of updated asset objects reloaded before import = 0Number of asset objects unloaded after import = 3

========================================================================
Received Import Request.
  Time since last request: 0.000031 seconds.
  path: Assets/Images/Stage/Bullet/Special_Bullet.bmp
  artifactKey: Guid(0f27b06eeee027b4e87355fe843c26be) Importer(2089858483,192608db42251d675da83286b1cce702)
Start importing Assets/Images/Stage/Bullet/Special_Bullet.bmp using Guid(0f27b06eeee027b4e87355fe843c26be) Importer(2089858483,192608db42251d675da83286b1cce702) (ScriptedImporter) -> (artifact id: '400f49eea44d975d7a8bf9c95d21f6ea') in 0.0171386 seconds
Number of updated asset objects reloaded before import = 0Number of asset objects unloaded after import = 3

========================================================================
Received Import Request.
  Time since last request: 0.000055 seconds.
  path: Assets/Images/Stage/Player/Move_TB_A.bmp
  artifactKey: Guid(56bea85a4a1bbff4391c48503e97dc2b) Importer(2089858483,192608db42251d675da83286b1cce702)
Start importing Assets/Images/Stage/Player/Move_TB_A.bmp using Guid(56bea85a4a1bbff4391c48503e97dc2b) Importer(2089858483,192608db42251d675da83286b1cce702) (ScriptedImporter) -> (artifact id: '5ddb4a7a227e9a3144b346e7f686fe00') in 0.0187377 seconds
Number of updated asset objects reloaded before import = 0Number of asset objects unloaded after import = 3

========================================================================
Received Import Request.
  Time since last request: 0.000073 seconds.
  path: Assets/Images/Stage/StageBack/Stage_1.bmp
  artifactKey: Guid(12105c60c4f3a324fb832bf166bfcaa3) Importer(2089858483,192608db42251d675da83286b1cce702)
Start importing Assets/Images/Stage/StageBack/Stage_1.bmp using Guid(12105c60c4f3a324fb832bf166bfcaa3) Importer(2089858483,192608db42251d675da83286b1cce702) (ScriptedImporter) -> (artifact id: '5c278efb26e8528ad9b26ee7a9d311e5') in 0.0226853 seconds
Number of updated asset objects reloaded before import = 0Number of asset objects unloaded after import = 3

========================================================================
Received Import Request.
  Time since last request: 0.000056 seconds.
  path: Assets/Images/Stage/StageBack/StageBack.bmp
  artifactKey: Guid(c00cdd03c0e81834baa0256e1559affd) Importer(2089858483,192608db42251d675da83286b1cce702)
Start importing Assets/Images/Stage/StageBack/StageBack.bmp using Guid(c00cdd03c0e81834baa0256e1559affd) Importer(2089858483,192608db42251d675da83286b1cce702) (ScriptedImporter) -> (artifact id: '7ff08526665a57e0e022eac95487060a') in 0.0167372 seconds
Number of updated asset objects reloaded before import = 0Number of asset objects unloaded after import = 3

========================================================================
Received Import Request.
  Time since last request: 0.000013 seconds.
  path: Assets/Images/Stage/UI/Energy_bar1.bmp
  artifactKey: Guid(3aba7299c55fb2b4eb084b7e35748841) Importer(2089858483,192608db42251d675da83286b1cce702)
Start importing Assets/Images/Stage/UI/Energy_bar1.bmp using Guid(3aba7299c55fb2b4eb084b7e35748841) Importer(2089858483,192608db42251d675da83286b1cce702) (ScriptedImporter) -> (artifact id: 'b8f00ba6574e308f4b6d361952f07889') in 0.0148996 seconds
Number of updated asset objects reloaded before import = 0Number of asset objects unloaded after import = 3

========================================================================
Received Import Request.
  Time since last request: 0.000016 seconds.
  path: Assets/Images/Stage/Player/Effect_7.bmp
  artifactKey: Guid(397d5d9b394f6dd4388b6e4fa9a996b3) Importer(2089858483,192608db42251d675da83286b1cce702)
Start importing Assets/Images/Stage/Player/Effect_7.bmp using Guid(397d5d9b394f6dd4388b6e4fa9a996b3) Importer(2089858483,192608db42251d675da83286b1cce702) (ScriptedImporter) -> (artifact id: '1a260752f7109d913c4faf5fa6d76857') in 0.0171702 seconds
Number of updated asset objects reloaded before import = 0Number of asset objects unloaded after import = 3

========================================================================
Received Import Request.
  Time since last request: 0.000047 seconds.
  path: Assets/Images/Stage/Monster/BossBoat.bmp
  artifactKey: Guid(7494f713204b50b4ab557796f0e0cd9e) Importer(2089858483,192608db42251d675da83286b1cce702)
Start importing Assets/Images/Stage/Monster/BossBoat.bmp using Guid(7494f713204b50b4ab557796f0e0cd9e) Importer(2089858483,192608db42251d675da83286b1cce702) (ScriptedImporter) -> (artifact id: 'f697a77257bddfd5ad9c5babe4ed38da') in 0.0180305 seconds
Number of updated asset objects reloaded before import = 0Number of asset objects unloaded after import = 3

========================================================================
Received Import Request.
  Time since last request: 0.000072 seconds.
  path: Assets/Images/Stage/UI/Energy_bar4.bmp
  artifactKey: Guid(eb5bf3d5206f9de41a233fdb933b7411) Importer(2089858483,192608db42251d675da83286b1cce702)
Start importing Assets/Images/Stage/UI/Energy_bar4.bmp using Guid(eb5bf3d5206f9de41a233fdb933b7411) Importer(2089858483,192608db42251d675da83286b1cce702) (ScriptedImporter) -> (artifact id: 'ccc5230158f7425fa7bcaf68f8f0923e') in 0.0182443 seconds
Number of updated asset objects reloaded before import = 0Number of asset objects unloaded after import = 3

========================================================================
Received Import Request.
  Time since last request: 0.000075 seconds.
  path: Assets/Images/Stage/Bomb
  artifactKey: Guid(39743388dba79d9489506982b83e87c5) Importer(2089858483,192608db42251d675da83286b1cce702)
Start importing Assets/Images/Stage/Bomb using Guid(39743388dba79d9489506982b83e87c5) Importer(2089858483,192608db42251d675da83286b1cce702) (ScriptedImporter) -> (artifact id: '2fd980242070cfcbd28500f059537cc5') in 0.0106618 seconds
Number of updated asset objects reloaded before import = 0Number of asset objects unloaded after import = 1

========================================================================
Received Import Request.
  Time since last request: 0.000090 seconds.
  path: Assets/Images/Stage/logo/character.bmp
  artifactKey: Guid(a8e6a5a6cfc40b1428af1625c605df16) Importer(2089858483,192608db42251d675da83286b1cce702)
Start importing Assets/Images/Stage/logo/character.bmp using Guid(a8e6a5a6cfc40b1428af1625c605df16) Importer(2089858483,192608db42251d675da83286b1cce702) (ScriptedImporter) -> (artifact id: 'f17e498c7abc2ace012262cc435324c0') in 0.0169278 seconds
Number of updated asset objects reloaded before import = 0Number of asset objects unloaded after import = 3

========================================================================
Received Import Request.
  Time since last request: 0.000061 seconds.
  path: Assets/Images/Stage/Monster/BossBoat_Posin8.bmp
  artifactKey: Guid(72d6b1355b435ff42a22e3be2749c08e) Importer(2089858483,192608db42251d675da83286b1cce702)
Start importing Assets/Images/Stage/Monster/BossBoat_Posin8.bmp using Guid(72d6b1355b435ff42a22e3be2749c08e) Importer(2089858483,192608db42251d675da83286b1cce702) (ScriptedImporter) -> (artifact id: 'ee5bda898279f00b7b1e3d844a3fc1cd') in 0.017278 seconds
Number of updated asset objects reloaded before import = 0Number of asset objects unloaded after import = 3

========================================================================
Received Import Request.
  Time since last request: 0.000024 seconds.
  path: Assets/Images/Stage/Effect/Effect_5.bmp
  artifactKey: Guid(0efc7194c0c3df0499f9bab8af8d5284) Importer(2089858483,192608db42251d675da83286b1cce702)
Start importing Assets/Images/Stage/Effect/Effect_5.bmp using Guid(0efc7194c0c3df0499f9bab8af8d5284) Importer(2089858483,192608db42251d675da83286b1cce702) (ScriptedImporter) -> (artifact id: '65eeced18d7bfe746d1e03084fd5fd3e') in 0.0185209 seconds
Number of updated asset objects reloaded before import = 0Number of asset objects unloaded after import = 3

========================================================================
Received Import Request.
  Time since last request: 0.000178 seconds.
  path: Assets/Images/Stage/Bullet/Player_Bullet_Screw.bmp
  artifactKey: Guid(cb2266ca2ffce8346a440bb41d1c6d34) Importer(2089858483,192608db42251d675da83286b1cce702)
Start importing Assets/Images/Stage/Bullet/Player_Bullet_Screw.bmp using Guid(cb2266ca2ffce8346a440bb41d1c6d34) Importer(2089858483,192608db42251d675da83286b1cce702) (ScriptedImporter) -> (artifact id: '32d69ec02b356e4ab91ab2817b6d879d') in 0.0200507 seconds
Number of updated asset objects reloaded before import = 0Number of asset objects unloaded after import = 3

========================================================================
Received Import Request.
  Time since last request: 0.000059 seconds.
  path: Assets/Images/Stage/UI/Energy_bar - 복사본.bmp
  artifactKey: Guid(049055689d77eff438554fa465c90718) Importer(2089858483,192608db42251d675da83286b1cce702)
Start importing Assets/Images/Stage/UI/Energy_bar - 복사본.bmp using Guid(049055689d77eff438554fa465c90718) Importer(2089858483,192608db42251d675da83286b1cce702) (ScriptedImporter) -> (artifact id: 'fdb7dfcf9d6e61763525d83a50bde7d9') in 0.0177664 seconds
Number of updated asset objects reloaded before import = 0Number of asset objects unloaded after import = 3

========================================================================
Received Import Request.
  Time since last request: 0.000057 seconds.
  path: Assets/Images/Stage/Monster/BossBoat_Posin3.bmp
  artifactKey: Guid(9cae862a0a365984d9a85610674d43ae) Importer(2089858483,192608db42251d675da83286b1cce702)
Start importing Assets/Images/Stage/Monster/BossBoat_Posin3.bmp using Guid(9cae862a0a365984d9a85610674d43ae) Importer(2089858483,192608db42251d675da83286b1cce702) (ScriptedImporter) -> (artifact id: 'e9936ff2a64af27841ee69026ab9985e') in 0.0171146 seconds
Number of updated asset objects reloaded before import = 0Number of asset objects unloaded after import = 3

========================================================================
Received Import Request.
  Time since last request: 0.000038 seconds.
  path: Assets/Images/Stage/Player/Player_up.bmp
  artifactKey: Guid(890556f8566b1db4dbbaba89780ac63c) Importer(2089858483,192608db42251d675da83286b1cce702)
Start importing Assets/Images/Stage/Player/Player_up.bmp using Guid(890556f8566b1db4dbbaba89780ac63c) Importer(2089858483,192608db42251d675da83286b1cce702) (ScriptedImporter) -> (artifact id: 'f3312e96b884fdca791869caa8cf8815') in 0.016641 seconds
Number of updated asset objects reloaded before import = 0Number of asset objects unloaded after import = 3

========================================================================
Received Import Request.
  Time since last request: 0.000090 seconds.
  path: Assets/Images/Stage/Monster/air_Monster4.BMP
  artifactKey: Guid(f22e896a288f74d40a25c11ce37626da) Importer(2089858483,192608db42251d675da83286b1cce702)
Start importing Assets/Images/Stage/Monster/air_Monster4.BMP using Guid(f22e896a288f74d40a25c11ce37626da) Importer(2089858483,192608db42251d675da83286b1cce702) (ScriptedImporter) -> (artifact id: '3749452ac1d441dd34ea0b375012d2b1') in 0.0192499 seconds
Number of updated asset objects reloaded before import = 0Number of asset objects unloaded after import = 3

========================================================================
Received Import Request.
  Time since last request: 0.000014 seconds.
  path: Assets/Images/Stage/Monster/air_Monster8.BMP
  artifactKey: Guid(725d2f2f446c9b244813f357a394155f) Importer(2089858483,192608db42251d675da83286b1cce702)
Start importing Assets/Images/Stage/Monster/air_Monster8.BMP using Guid(725d2f2f446c9b244813f357a394155f) Importer(2089858483,192608db42251d675da83286b1cce702) (ScriptedImporter) -> (artifact id: 'c6749a168e4419fcfcfbb4a386644cd7') in 0.01753 seconds
Number of updated asset objects reloaded before import = 0Number of asset objects unloaded after import = 3

========================================================================
Received Import Request.
  Time since last request: 0.000025 seconds.
  path: Assets/Images/Stage/Bullet/MBasic_Bullet2.bmp
  artifactKey: Guid(afe2c6c92fe84b9499e26bf92f6b4d26) Importer(2089858483,192608db42251d675da83286b1cce702)
Start importing Assets/Images/Stage/Bullet/MBasic_Bullet2.bmp using Guid(afe2c6c92fe84b9499e26bf92f6b4d26) Importer(2089858483,192608db42251d675da83286b1cce702) (ScriptedImporter) -> (artifact id: 'f5f8c355ccd134238c399ed77c82344c') in 0.0189964 seconds
Number of updated asset objects reloaded before import = 0Number of asset objects unloaded after import = 3

========================================================================
Received Import Request.
  Time since last request: 0.000060 seconds.
  path: Assets/Images/Stage/Bullet/Bullet_Eg_b.bmp
  artifactKey: Guid(4e8adba391ed42641a42196663c3c2c1) Importer(2089858483,192608db42251d675da83286b1cce702)
Start importing Assets/Images/Stage/Bullet/Bullet_Eg_b.bmp using Guid(4e8adba391ed42641a42196663c3c2c1) Importer(2089858483,192608db42251d675da83286b1cce702) (ScriptedImporter) -> (artifact id: '94cca44cd557a79cfcd30a639a6be644') in 0.0162854 seconds
Number of updated asset objects reloaded before import = 0Number of asset objects unloaded after import = 3

========================================================================
Received Import Request.
  Time since last request: 0.000073 seconds.
  path: Assets/Images/Stage/UI/StageLogo.bmp
  artifactKey: Guid(088df261f483c8342a9f53d673ffb64f) Importer(2089858483,192608db42251d675da83286b1cce702)
Start importing Assets/Images/Stage/UI/StageLogo.bmp using Guid(088df261f483c8342a9f53d673ffb64f) Importer(2089858483,192608db42251d675da83286b1cce702) (ScriptedImporter) -> (artifact id: '6082bc5a78927049bf482f3b6ace6663') in 0.0178708 seconds
Number of updated asset objects reloaded before import = 0Number of asset objects unloaded after import = 3

========================================================================
Received Import Request.
  Time since last request: 0.000062 seconds.
  path: Assets/Images/Stage/Monster/Monster_3.bmp
  artifactKey: Guid(db1471cff3bd5ac449dd12d2063c5f7a) Importer(2089858483,192608db42251d675da83286b1cce702)
Start importing Assets/Images/Stage/Monster/Monster_3.bmp using Guid(db1471cff3bd5ac449dd12d2063c5f7a) Importer(2089858483,192608db42251d675da83286b1cce702) (ScriptedImporter) -> (artifact id: '083045415412da8ca2ec56cc176299e5') in 0.0150583 seconds
Number of updated asset objects reloaded before import = 0Number of asset objects unloaded after import = 3

========================================================================
Received Import Request.
  Time since last request: 0.000045 seconds.
  path: Assets/Images/Stage/Bullet/BMBullet_Straight.bmp
  artifactKey: Guid(ca168ad73fbb76e45b11330471303135) Importer(2089858483,192608db42251d675da83286b1cce702)
Start importing Assets/Images/Stage/Bullet/BMBullet_Straight.bmp using Guid(ca168ad73fbb76e45b11330471303135) Importer(2089858483,192608db42251d675da83286b1cce702) (ScriptedImporter) -> (artifact id: 'c671a64c25e069a1ccb2eb1dd9d5253b') in 0.0225641 seconds
Number of updated asset objects reloaded before import = 0Number of asset objects unloaded after import = 3

========================================================================
Received Import Request.
  Time since last request: 0.000070 seconds.
  path: Assets/Images/Stage/StageBack/Stage_2 copy.bmp
  artifactKey: Guid(44ec9d3beaca7fc4db186d308264b445) Importer(2089858483,192608db42251d675da83286b1cce702)
Start importing Assets/Images/Stage/StageBack/Stage_2 copy.bmp using Guid(44ec9d3beaca7fc4db186d308264b445) Importer(2089858483,192608db42251d675da83286b1cce702) (ScriptedImporter) -> (artifact id: '3daed573527de596b57ca1cc4a2eb564') in 0.0156315 seconds
Number of updated asset objects reloaded before import = 0Number of asset objects unloaded after import = 3

========================================================================
Received Import Request.
  Time since last request: 0.000016 seconds.
  path: Assets/Images/Stage/UI/Energy_bar2.bmp
  artifactKey: Guid(3d50f354d0ce0d04cbcee3f86121addf) Importer(2089858483,192608db42251d675da83286b1cce702)
Start importing Assets/Images/Stage/UI/Energy_bar2.bmp using Guid(3d50f354d0ce0d04cbcee3f86121addf) Importer(2089858483,192608db42251d675da83286b1cce702) (ScriptedImporter) -> (artifact id: 'a0d063e363df1b5b5c0d58a69efd3431') in 0.0190651 seconds
Number of updated asset objects reloaded before import = 0Number of asset objects unloaded after import = 3

========================================================================
Received Import Request.
  Time since last request: 0.000023 seconds.
  path: Assets/Images/Stage/Item
  artifactKey: Guid(2d96add5f58922d4c97a0679acc6433c) Importer(2089858483,192608db42251d675da83286b1cce702)
Start importing Assets/Images/Stage/Item using Guid(2d96add5f58922d4c97a0679acc6433c) Importer(2089858483,192608db42251d675da83286b1cce702) (ScriptedImporter) -> (artifact id: '3f7c14c39055c97e0fd7dacefe8fec60') in 0.0105694 seconds
Number of updated asset objects reloaded before import = 0Number of asset objects unloaded after import = 1

========================================================================
Received Import Request.
  Time since last request: 0.000024 seconds.
  path: Assets/Images/Stage/UI/boom.bmp
  artifactKey: Guid(279999532155e624aaf2a4e94362e2a6) Importer(2089858483,192608db42251d675da83286b1cce702)
Start importing Assets/Images/Stage/UI/boom.bmp using Guid(279999532155e624aaf2a4e94362e2a6) Importer(2089858483,192608db42251d675da83286b1cce702) (ScriptedImporter) -> (artifact id: '469cb11ebb0402a838c39d1995316c43') in 0.0179209 seconds
Number of updated asset objects reloaded before import = 0Number of asset objects unloaded after import = 3

========================================================================
Received Import Request.
  Time since last request: 0.000113 seconds.
  path: Assets/Images/Stage/Monster/BossBoat_Posin2.bmp
  artifactKey: Guid(2fc039b43cd4c7440833cf0e922d58ec) Importer(2089858483,192608db42251d675da83286b1cce702)
Start importing Assets/Images/Stage/Monster/BossBoat_Posin2.bmp using Guid(2fc039b43cd4c7440833cf0e922d58ec) Importer(2089858483,192608db42251d675da83286b1cce702) (ScriptedImporter) -> (artifact id: 'd5478bac218d0ff8d03ce0e491edd1f0') in 0.0184853 seconds
Number of updated asset objects reloaded before import = 0Number of asset objects unloaded after import = 3

========================================================================
Received Import Request.
  Time since last request: 0.000044 seconds.
  path: Assets/Images/Stage/Monster/Boat_Posin3.bmp
  artifactKey: Guid(a08b02de2043e8e46bf3a4e0edf39b6d) Importer(2089858483,192608db42251d675da83286b1cce702)
Start importing Assets/Images/Stage/Monster/Boat_Posin3.bmp using Guid(a08b02de2043e8e46bf3a4e0edf39b6d) Importer(2089858483,192608db42251d675da83286b1cce702) (ScriptedImporter) -> (artifact id: '8cb44dcfd8f1048852e3d47d20b5564a') in 0.0200212 seconds
Number of updated asset objects reloaded before import = 0Number of asset objects unloaded after import = 3

========================================================================
Received Import Request.
  Time since last request: 0.000021 seconds.
  path: Assets/Images/Stage/Effect/Effect_7 - 복사본.bmp
  artifactKey: Guid(6112b3fbf28e76d448634317070447f8) Importer(2089858483,192608db42251d675da83286b1cce702)
Start importing Assets/Images/Stage/Effect/Effect_7 - 복사본.bmp using Guid(6112b3fbf28e76d448634317070447f8) Importer(2089858483,192608db42251d675da83286b1cce702) (ScriptedImporter) -> (artifact id: '583a01bfbb277ecff469668171043a68') in 0.0188022 seconds
Number of updated asset objects reloaded before import = 0Number of asset objects unloaded after import = 3

========================================================================
Received Import Request.
  Time since last request: 0.000029 seconds.
  path: Assets/Images/Stage/Bullet/Stage2_Bullet - 복사본.bmp
  artifactKey: Guid(859d417a7f20d7e459ba643da596040a) Importer(2089858483,192608db42251d675da83286b1cce702)
Start importing Assets/Images/Stage/Bullet/Stage2_Bullet - 복사본.bmp using Guid(859d417a7f20d7e459ba643da596040a) Importer(2089858483,192608db42251d675da83286b1cce702) (ScriptedImporter) -> (artifact id: 'f8ac3d514c2d4ed3a95eadf2d79e9935') in 0.0144085 seconds
Number of updated asset objects reloaded before import = 0Number of asset objects unloaded after import = 3

========================================================================
Received Import Request.
  Time since last request: 0.000022 seconds.
  path: Assets/Images/Sound/Lazer.wav
  artifactKey: Guid(8b4998a15b7cf8248af83d1b35783bfe) Importer(2089858483,192608db42251d675da83286b1cce702)
Start importing Assets/Images/Sound/Lazer.wav using Guid(8b4998a15b7cf8248af83d1b35783bfe) Importer(2089858483,192608db42251d675da83286b1cce702) (ScriptedImporter) -> (artifact id: '975026c1d49545dc02329617ccdec756') in 0.0243672 seconds
Number of updated asset objects reloaded before import = 0Number of asset objects unloaded after import = 1

========================================================================
Received Import Request.
  Time since last request: 0.000107 seconds.
  path: Assets/Images/Stage/Score/Score.bmp
  artifactKey: Guid(e08c0aaa50810da4985e5b7eb7797275) Importer(2089858483,192608db42251d675da83286b1cce702)
Start importing Assets/Images/Stage/Score/Score.bmp using Guid(e08c0aaa50810da4985e5b7eb7797275) Importer(2089858483,192608db42251d675da83286b1cce702) (ScriptedImporter) -> (artifact id: '6d25b58864945599cc7ec5149edf0441') in 0.0144762 seconds
Number of updated asset objects reloaded before import = 0Number of asset objects unloaded after import = 3

========================================================================
Received Import Request.
  Time since last request: 0.000042 seconds.
  path: Assets/Images/Sound/Missile.wav
  artifactKey: Guid(3f84e379d68e325448c019763e9a4759) Importer(2089858483,192608db42251d675da83286b1cce702)
Start importing Assets/Images/Sound/Missile.wav using Guid(3f84e379d68e325448c019763e9a4759) Importer(2089858483,192608db42251d675da83286b1cce702) (ScriptedImporter) -> (artifact id: 'e77b6d304ef16e92ad5549003bcab05f') in 0.0396797 seconds
Number of updated asset objects reloaded before import = 0Number of asset objects unloaded after import = 1

Editor requested this worker to shutdown with reason: Scaling down because of idle timeout
AssetImportWorkerClient::OnTransportError - code=2 error=End of file
AssetImportWorker is now disconnected from the server
Process exiting
Exiting without the bug reporter. Application will terminate with return code 0