Using pre-set license
Built from '6000.0/staging' branch; Version is '6000.0.40f1 (157d81624ddf) revision 1408385'; Using compiler version '193933523'; Build Type 'Release'
OS: 'Windows 11  (10.0.26100) 64bit Core' Language: 'ko' Physical Memory: 65356 MB
BatchMode: 1, IsHumanControllingUs: 0, StartBugReporterOnCrash: 0, Is64bit: 1, IsPro: 1

COMMAND LINE ARGUMENTS:
C:\Program Files\Unity\Hub\Editor\6000.0.40f1\Editor\Unity.exe
-adb2
-batchMode
-noUpm
-name
AssetImportWorker1
-projectPath
C:/BasicUnity/1945Game
-logFile
Logs/AssetImportWorker1.log
-srvPort
50209
-job-worker-count
9
-background-job-worker-count
8
-gc-helper-count
1
Successfully changed project path to: C:/BasicUnity/1945Game
C:/BasicUnity/1945Game
[UnityMemory] Configuration Parameters - Can be set up in boot.config
    "memorysetup-bucket-allocator-granularity=16"
    "memorysetup-bucket-allocator-bucket-count=8"
    "memorysetup-bucket-allocator-block-size=33554432"
    "memorysetup-bucket-allocator-block-count=8"
    "memorysetup-main-allocator-block-size=16777216"
    "memorysetup-thread-allocator-block-size=16777216"
    "memorysetup-gfx-main-allocator-block-size=16777216"
    "memorysetup-gfx-thread-allocator-block-size=16777216"
    "memorysetup-cache-allocator-block-size=4194304"
    "memorysetup-typetree-allocator-block-size=2097152"
    "memorysetup-profiler-bucket-allocator-granularity=16"
    "memorysetup-profiler-bucket-allocator-bucket-count=8"
    "memorysetup-profiler-bucket-allocator-block-size=33554432"
    "memorysetup-profiler-bucket-allocator-block-count=8"
    "memorysetup-profiler-allocator-block-size=16777216"
    "memorysetup-profiler-editor-allocator-block-size=1048576"
    "memorysetup-temp-allocator-size-main=16777216"
    "memorysetup-job-temp-allocator-block-size=2097152"
    "memorysetup-job-temp-allocator-block-size-background=1048576"
    "memorysetup-job-temp-allocator-reduction-small-platforms=262144"
    "memorysetup-allocator-temp-initial-block-size-main=262144"
    "memorysetup-allocator-temp-initial-block-size-worker=262144"
    "memorysetup-temp-allocator-size-background-worker=32768"
    "memorysetup-temp-allocator-size-job-worker=262144"
    "memorysetup-temp-allocator-size-preload-manager=33554432"
    "memorysetup-temp-allocator-size-nav-mesh-worker=65536"
    "memorysetup-temp-allocator-size-audio-worker=65536"
    "memorysetup-temp-allocator-size-cloud-worker=32768"
    "memorysetup-temp-allocator-size-gi-baking-worker=262144"
    "memorysetup-temp-allocator-size-gi-baking-worker=262144"
    "memorysetup-temp-allocator-size-gi-baking-worker=262144"
    "memorysetup-temp-allocator-size-gi-baking-worker=262144"
    "memorysetup-temp-allocator-size-gi-baking-worker=262144"
    "memorysetup-temp-allocator-size-gfx=262144"
Player connection [22664]  Target information:

Player connection [22664]  * "[IP] 220.86.63.244 [Port] 0 [Flags] 2 [Guid] 3663578278 [EditorId] 3663578278 [Version] 1048832 [Id] WindowsEditor(7,y2k) [Debug] 1 [PackageName] WindowsEditor [ProjectName] Editor" 

Player connection [22664] Host joined multi-casting on [225.0.0.222:54997]...
Player connection [22664] Host joined alternative multi-casting on [225.0.0.222:34997]...
JobSystem: Creating JobQueue using job-worker-count value 9
Input System module state changed to: Initialized.
[Physics::Module] Initialized fallback backend.
[Physics::Module] Id: 0xdecafbad
Library Redirect Path: Library/
[Physics::Module] Selected backend.
[Physics::Module] Name: PhysX
[Physics::Module] Id: 0xf2b8ea05
[Physics::Module] SDK Version: 4.1.2
[Physics::Module] Integration Version: 1.0.0
[Physics::Module] Threading Mode: Multi-Threaded
Refreshing native plugins compatible for Editor in 1.75 ms, found 4 plugins.
Preloading 0 native plugins for Editor in 0.00 ms.
Initialize engine version: 6000.0.40f1 (157d81624ddf)
[Subsystems] Discovering subsystems at path C:/Program Files/Unity/Hub/Editor/6000.0.40f1/Editor/Data/Resources/UnitySubsystems
[Subsystems] Discovering subsystems at path C:/BasicUnity/1945Game/Assets
GfxDevice: creating device client; kGfxThreadingModeNonThreaded
Direct3D:
    Version:  Direct3D 11.0 [level 11.1]
    Renderer: NVIDIA GeForce RTX 4070 Ti (ID=0x2782)
    Vendor:   NVIDIA
    VRAM:     11996 MB
    Driver:   32.0.15.6094
Initialize mono
Mono path[0] = 'C:/Program Files/Unity/Hub/Editor/6000.0.40f1/Editor/Data/Managed'
Mono path[1] = 'C:/Program Files/Unity/Hub/Editor/6000.0.40f1/Editor/Data/MonoBleedingEdge/lib/mono/unityjit-win32'
Mono config path = 'C:/Program Files/Unity/Hub/Editor/6000.0.40f1/Editor/Data/MonoBleedingEdge/etc'
Using monoOptions --debugger-agent=transport=dt_socket,embedding=1,server=y,suspend=n,address=127.0.0.1:56392
Begin MonoManager ReloadAssembly
Registering precompiled unity dll's ...
Register platform support module: C:/Program Files/Unity/Hub/Editor/6000.0.40f1/Editor/Data/PlaybackEngines/WebGLSupport/UnityEditor.WebGL.Extensions.dll
Register platform support module: C:/Program Files/Unity/Hub/Editor/6000.0.40f1/Editor/Data/PlaybackEngines/WindowsStandaloneSupport/UnityEditor.WindowsStandalone.Extensions.dll
Register platform support module: C:/Program Files/Unity/Hub/Editor/6000.0.40f1/Editor/Data/PlaybackEngines/MetroSupport/UnityEditor.UWP.Extensions.dll
Register platform support module: C:/Program Files/Unity/Hub/Editor/6000.0.40f1/Editor/Data/PlaybackEngines/AndroidPlayer/UnityEditor.Android.Extensions.dll
Registered in 0.002933 seconds.
- Loaded All Assemblies, in  0.259 seconds
Native extension for Android target not found
Android Extension - Scanning For ADB Devices 193 ms
Native extension for UWP target not found
Native extension for WindowsStandalone target not found
Native extension for WebGL target not found
Mono: successfully reloaded assembly
- Finished resetting the current domain, in  0.436 seconds
Domain Reload Profiling: 694ms
	BeginReloadAssembly (86ms)
		ExecutionOrderSort (0ms)
		DisableScriptedObjects (0ms)
		BackupInstance (0ms)
		ReleaseScriptingObjects (0ms)
		CreateAndSetChildDomain (1ms)
	RebuildCommonClasses (23ms)
	RebuildNativeTypeToScriptingClass (8ms)
	initialDomainReloadingComplete (33ms)
	LoadAllAssembliesAndSetupDomain (107ms)
		LoadAssemblies (86ms)
		RebuildTransferFunctionScriptingTraits (0ms)
		AnalyzeDomain (105ms)
			TypeCache.Refresh (103ms)
				TypeCache.ScanAssembly (94ms)
			BuildScriptInfoCaches (0ms)
			ResolveRequiredComponents (0ms)
	FinalizeReload (436ms)
		ReleaseScriptCaches (0ms)
		RebuildScriptCaches (0ms)
		SetupLoadedEditorAssemblies (408ms)
			LogAssemblyErrors (0ms)
			InitializePlatformSupportModulesInManaged (253ms)
			SetLoadedEditorAssemblies (2ms)
			BeforeProcessingInitializeOnLoad (33ms)
			ProcessInitializeOnLoadAttributes (81ms)
			ProcessInitializeOnLoadMethodAttributes (39ms)
			AfterProcessingInitializeOnLoad (0ms)
			EditorAssembliesLoaded (0ms)
		ExecutionOrderSort2 (0ms)
		AwakeInstancesAfterBackupRestoration (0ms)
========================================================================
Worker process is ready to serve import requests
Import Worker Mode flag is 0x00
Begin MonoManager ReloadAssembly
- Loaded All Assemblies, in  0.472 seconds
Refreshing native plugins compatible for Editor in 1.06 ms, found 4 plugins.
Native extension for Android target not found
Native extension for UWP target not found
Native extension for WindowsStandalone target not found
Native extension for WebGL target not found
Mono: successfully reloaded assembly
- Finished resetting the current domain, in  0.397 seconds
Domain Reload Profiling: 867ms
	BeginReloadAssembly (114ms)
		ExecutionOrderSort (0ms)
		DisableScriptedObjects (4ms)
		BackupInstance (0ms)
		ReleaseScriptingObjects (0ms)
		CreateAndSetChildDomain (21ms)
	RebuildCommonClasses (24ms)
	RebuildNativeTypeToScriptingClass (8ms)
	initialDomainReloadingComplete (25ms)
	LoadAllAssembliesAndSetupDomain (298ms)
		LoadAssemblies (222ms)
		RebuildTransferFunctionScriptingTraits (0ms)
		AnalyzeDomain (143ms)
			TypeCache.Refresh (108ms)
				TypeCache.ScanAssembly (93ms)
			BuildScriptInfoCaches (29ms)
			ResolveRequiredComponents (3ms)
	FinalizeReload (398ms)
		ReleaseScriptCaches (0ms)
		RebuildScriptCaches (0ms)
		SetupLoadedEditorAssemblies (327ms)
			LogAssemblyErrors (0ms)
			InitializePlatformSupportModulesInManaged (9ms)
			SetLoadedEditorAssemblies (3ms)
			BeforeProcessingInitializeOnLoad (63ms)
			ProcessInitializeOnLoadAttributes (222ms)
			ProcessInitializeOnLoadMethodAttributes (28ms)
			AfterProcessingInitializeOnLoad (2ms)
			EditorAssembliesLoaded (0ms)
		ExecutionOrderSort2 (0ms)
		AwakeInstancesAfterBackupRestoration (4ms)
Launched and connected shader compiler UnityShaderCompiler.exe after 0.01 seconds
Refreshing native plugins compatible for Editor in 0.84 ms, found 4 plugins.
Preloading 0 native plugins for Editor in 0.00 ms.
Unloading 14 Unused Serialized files (Serialized files now loaded: 0)
Unloading 4729 unused Assets / (1.5 MB). Loaded Objects now: 5205.
Memory consumption went from 90.7 MB to 89.2 MB.
Total: 4.274700 ms (FindLiveObjects: 0.266300 ms CreateObjectMapping: 0.157700 ms MarkObjects: 3.015000 ms  DeleteObjects: 0.834900 ms)

========================================================================
Received Import Request.
  Time since last request: 4233.312160 seconds.
  path: Assets/InputSystem_Actions.inputactions
  artifactKey: Guid(3590b91b4603b465dbb4216d601bff33) Importer(2089858483,192608db42251d675da83286b1cce702)
Start importing Assets/InputSystem_Actions.inputactions using Guid(3590b91b4603b465dbb4216d601bff33) Importer(2089858483,192608db42251d675da83286b1cce702) (ScriptedImporter) -> (artifact id: 'dfebd8d7277a3b63dc2b30212a5e155b') in 0.1845537 seconds
Number of updated asset objects reloaded before import = 0Number of asset objects unloaded after import = 21

========================================================================
Received Import Request.
  Time since last request: 62.003498 seconds.
  path: Assets/Images/Stage/Bullet/BombBullet.bmp
  artifactKey: Guid(743caf5a5dcde324a8287dcb4cba7e5c) Importer(2089858483,192608db42251d675da83286b1cce702)
Start importing Assets/Images/Stage/Bullet/BombBullet.bmp using Guid(743caf5a5dcde324a8287dcb4cba7e5c) Importer(2089858483,192608db42251d675da83286b1cce702) (ScriptedImporter) -> (artifact id: 'a64e11fb788227ee2fc2bc29507e788a') in 0.0596546 seconds
Number of updated asset objects reloaded before import = 0Number of asset objects unloaded after import = 3

========================================================================
Received Import Request.
  Time since last request: 0.000031 seconds.
  path: Assets/Images/Stage/Bullet/lazer_head.bmp
  artifactKey: Guid(a01bd42106a89f040ac2ea96d038ec9f) Importer(2089858483,192608db42251d675da83286b1cce702)
Start importing Assets/Images/Stage/Bullet/lazer_head.bmp using Guid(a01bd42106a89f040ac2ea96d038ec9f) Importer(2089858483,192608db42251d675da83286b1cce702) (ScriptedImporter) -> (artifact id: '834f29d3d6f5ba3ba42104f15eafc258') in 0.0154492 seconds
Number of updated asset objects reloaded before import = 0Number of asset objects unloaded after import = 3

========================================================================
Received Import Request.
  Time since last request: 0.000028 seconds.
  path: Assets/Images/Stage/Bullet/MBasic_Bullet2 - 복사본 (3).bmp
  artifactKey: Guid(3bf3797d543dcf54eb514b72641bbc32) Importer(2089858483,192608db42251d675da83286b1cce702)
Start importing Assets/Images/Stage/Bullet/MBasic_Bullet2 - 복사본 (3).bmp using Guid(3bf3797d543dcf54eb514b72641bbc32) Importer(2089858483,192608db42251d675da83286b1cce702) (ScriptedImporter) -> (artifact id: 'b865e6296daed735146048a3eddd082f') in 0.0165506 seconds
Number of updated asset objects reloaded before import = 0Number of asset objects unloaded after import = 3

========================================================================
Received Import Request.
  Time since last request: 0.000060 seconds.
  path: Assets/Images/Stage/Monster
  artifactKey: Guid(bf46c4726b515d44bb993099db711439) Importer(2089858483,192608db42251d675da83286b1cce702)
Start importing Assets/Images/Stage/Monster using Guid(bf46c4726b515d44bb993099db711439) Importer(2089858483,192608db42251d675da83286b1cce702) (ScriptedImporter) -> (artifact id: '8957007896a83d07fe93a2f47d35bc49') in 0.0104232 seconds
Number of updated asset objects reloaded before import = 0Number of asset objects unloaded after import = 1

========================================================================
Received Import Request.
  Time since last request: 0.000102 seconds.
  path: Assets/Images/Stage/Bomb/Bomb_Bullet2.bmp
  artifactKey: Guid(23b5eae0ffe4c4741915f87afb943bb4) Importer(2089858483,192608db42251d675da83286b1cce702)
Start importing Assets/Images/Stage/Bomb/Bomb_Bullet2.bmp using Guid(23b5eae0ffe4c4741915f87afb943bb4) Importer(2089858483,192608db42251d675da83286b1cce702) (ScriptedImporter) -> (artifact id: '151860cf5d9e874ca91b33dadc8dd31a') in 0.0176262 seconds
Number of updated asset objects reloaded before import = 0Number of asset objects unloaded after import = 3

========================================================================
Received Import Request.
  Time since last request: 0.000043 seconds.
  path: Assets/Images/Stage/Monster/Boat_Body.bmp
  artifactKey: Guid(1bc13839d63c7c24f9bacbe075a745e6) Importer(2089858483,192608db42251d675da83286b1cce702)
Start importing Assets/Images/Stage/Monster/Boat_Body.bmp using Guid(1bc13839d63c7c24f9bacbe075a745e6) Importer(2089858483,192608db42251d675da83286b1cce702) (ScriptedImporter) -> (artifact id: '8af61a0774c2e7b550e5ca3a6bfac962') in 0.0162153 seconds
Number of updated asset objects reloaded before import = 0Number of asset objects unloaded after import = 3

========================================================================
Received Import Request.
  Time since last request: 0.000018 seconds.
  path: Assets/Images/Stage/Bomb/Bomb_Bullet4 - 복사본.bmp
  artifactKey: Guid(de2add827eaa2b349b2edf6323567474) Importer(2089858483,192608db42251d675da83286b1cce702)
Start importing Assets/Images/Stage/Bomb/Bomb_Bullet4 - 복사본.bmp using Guid(de2add827eaa2b349b2edf6323567474) Importer(2089858483,192608db42251d675da83286b1cce702) (ScriptedImporter) -> (artifact id: '06a35d72d812579d19530d1ead816a1f') in 0.0159602 seconds
Number of updated asset objects reloaded before import = 0Number of asset objects unloaded after import = 3

========================================================================
Received Import Request.
  Time since last request: 0.000077 seconds.
  path: Assets/Images/Stage/Bomb/Bomb_Airplan.bmp
  artifactKey: Guid(2e6a82952403dd643ba28a70b1faba41) Importer(2089858483,192608db42251d675da83286b1cce702)
Start importing Assets/Images/Stage/Bomb/Bomb_Airplan.bmp using Guid(2e6a82952403dd643ba28a70b1faba41) Importer(2089858483,192608db42251d675da83286b1cce702) (ScriptedImporter) -> (artifact id: 'eb78033189baa09e75466d8097b9d87e') in 0.0145803 seconds
Number of updated asset objects reloaded before import = 0Number of asset objects unloaded after import = 3

========================================================================
Received Import Request.
  Time since last request: 0.000047 seconds.
  path: Assets/Images/Stage/Effect/Effect_6.bmp
  artifactKey: Guid(cb491cededf91af41a528cca897665de) Importer(2089858483,192608db42251d675da83286b1cce702)
Start importing Assets/Images/Stage/Effect/Effect_6.bmp using Guid(cb491cededf91af41a528cca897665de) Importer(2089858483,192608db42251d675da83286b1cce702) (ScriptedImporter) -> (artifact id: 'cd35e7016f1c03fd2083154c274db689') in 0.0171044 seconds
Number of updated asset objects reloaded before import = 0Number of asset objects unloaded after import = 3

========================================================================
Received Import Request.
  Time since last request: 0.000019 seconds.
  path: Assets/Images/Stage/Bullet/MBasic_Bullet2 - 복사본.bmp
  artifactKey: Guid(9c7f9471d1999ed4c8701f0d5cadeaa2) Importer(2089858483,192608db42251d675da83286b1cce702)
Start importing Assets/Images/Stage/Bullet/MBasic_Bullet2 - 복사본.bmp using Guid(9c7f9471d1999ed4c8701f0d5cadeaa2) Importer(2089858483,192608db42251d675da83286b1cce702) (ScriptedImporter) -> (artifact id: '952472b4e71628b24cd037d1f91f60da') in 0.0154807 seconds
Number of updated asset objects reloaded before import = 0Number of asset objects unloaded after import = 3

========================================================================
Received Import Request.
  Time since last request: 0.000033 seconds.
  path: Assets/Images/Stage/Monster/Boss_head - 복사본.bmp
  artifactKey: Guid(442f7e3cda482a041a7d936a70ffe20b) Importer(2089858483,192608db42251d675da83286b1cce702)
Start importing Assets/Images/Stage/Monster/Boss_head - 복사본.bmp using Guid(442f7e3cda482a041a7d936a70ffe20b) Importer(2089858483,192608db42251d675da83286b1cce702) (ScriptedImporter) -> (artifact id: '1c16028b7a8b18b4563a69b8f51f77fd') in 0.0167927 seconds
Number of updated asset objects reloaded before import = 0Number of asset objects unloaded after import = 3

========================================================================
Received Import Request.
  Time since last request: 0.000056 seconds.
  path: Assets/Images/Stage/Effect/Effect_2.bmp
  artifactKey: Guid(c527f124343da7442a39ffcf3e9f5eac) Importer(2089858483,192608db42251d675da83286b1cce702)
Start importing Assets/Images/Stage/Effect/Effect_2.bmp using Guid(c527f124343da7442a39ffcf3e9f5eac) Importer(2089858483,192608db42251d675da83286b1cce702) (ScriptedImporter) -> (artifact id: 'acf022df4b067a48096ed91373706c81') in 0.0167782 seconds
Number of updated asset objects reloaded before import = 0Number of asset objects unloaded after import = 3

========================================================================
Received Import Request.
  Time since last request: 0.000078 seconds.
  path: Assets/Images/Stage/Monster/Boss_body2.bmp
  artifactKey: Guid(c84eb232b2766254097988a369930c72) Importer(2089858483,192608db42251d675da83286b1cce702)
Start importing Assets/Images/Stage/Monster/Boss_body2.bmp using Guid(c84eb232b2766254097988a369930c72) Importer(2089858483,192608db42251d675da83286b1cce702) (ScriptedImporter) -> (artifact id: 'ac7fbf91aff72f576587287612166ea4') in 0.0161067 seconds
Number of updated asset objects reloaded before import = 0Number of asset objects unloaded after import = 3

========================================================================
Received Import Request.
  Time since last request: 0.000014 seconds.
  path: Assets/Images/Stage/Monster/Boat_Posin5.bmp
  artifactKey: Guid(a63255013f3239b429be52732dc13127) Importer(2089858483,192608db42251d675da83286b1cce702)
Start importing Assets/Images/Stage/Monster/Boat_Posin5.bmp using Guid(a63255013f3239b429be52732dc13127) Importer(2089858483,192608db42251d675da83286b1cce702) (ScriptedImporter) -> (artifact id: '911eb19423e5ad8a41c0094dbd44660c') in 0.016461 seconds
Number of updated asset objects reloaded before import = 0Number of asset objects unloaded after import = 3

========================================================================
Received Import Request.
  Time since last request: 0.000072 seconds.
  path: Assets/Images/Stage/StageBack
  artifactKey: Guid(bb36505d791f7af47824b3a9cdc2a319) Importer(2089858483,192608db42251d675da83286b1cce702)
Start importing Assets/Images/Stage/StageBack using Guid(bb36505d791f7af47824b3a9cdc2a319) Importer(2089858483,192608db42251d675da83286b1cce702) (ScriptedImporter) -> (artifact id: 'ea80de94abf96a2193ca3c3ed32592b7') in 0.0099059 seconds
Number of updated asset objects reloaded before import = 0Number of asset objects unloaded after import = 1

========================================================================
Received Import Request.
  Time since last request: 0.000100 seconds.
  path: Assets/Images/Stage/logo/logo.bmp
  artifactKey: Guid(877a63563ab517a4ca9dc693af625fa3) Importer(2089858483,192608db42251d675da83286b1cce702)
Start importing Assets/Images/Stage/logo/logo.bmp using Guid(877a63563ab517a4ca9dc693af625fa3) Importer(2089858483,192608db42251d675da83286b1cce702) (ScriptedImporter) -> (artifact id: '20a3778c9d500a5b024d67be6cba2498') in 0.0154655 seconds
Number of updated asset objects reloaded before import = 0Number of asset objects unloaded after import = 3

========================================================================
Received Import Request.
  Time since last request: 0.000064 seconds.
  path: Assets/Images/Stage/Monster/Boss_left.bmp
  artifactKey: Guid(120a5ec2a84e20341856c2c539dc65ab) Importer(2089858483,192608db42251d675da83286b1cce702)
Start importing Assets/Images/Stage/Monster/Boss_left.bmp using Guid(120a5ec2a84e20341856c2c539dc65ab) Importer(2089858483,192608db42251d675da83286b1cce702) (ScriptedImporter) -> (artifact id: '059d2700269a6024d713886e85800ed0') in 0.0158154 seconds
Number of updated asset objects reloaded before import = 0Number of asset objects unloaded after import = 3

========================================================================
Received Import Request.
  Time since last request: 0.000059 seconds.
  path: Assets/Images/Stage/Effect/Effect_Crash.bmp
  artifactKey: Guid(9af60ff292960d642900fdd9e02675ba) Importer(2089858483,192608db42251d675da83286b1cce702)
Start importing Assets/Images/Stage/Effect/Effect_Crash.bmp using Guid(9af60ff292960d642900fdd9e02675ba) Importer(2089858483,192608db42251d675da83286b1cce702) (ScriptedImporter) -> (artifact id: '996ec3b77b6097436bd91fe3e4748dca') in 0.0128598 seconds
Number of updated asset objects reloaded before import = 0Number of asset objects unloaded after import = 3

========================================================================
Received Import Request.
  Time since last request: 0.000018 seconds.
  path: Assets/Images/Stage/Monster/Boat_Posin1.bmp
  artifactKey: Guid(c5fee4d91cfd4bb47bda602d7dbf4a36) Importer(2089858483,192608db42251d675da83286b1cce702)
Start importing Assets/Images/Stage/Monster/Boat_Posin1.bmp using Guid(c5fee4d91cfd4bb47bda602d7dbf4a36) Importer(2089858483,192608db42251d675da83286b1cce702) (ScriptedImporter) -> (artifact id: '99fd1242ff835f37e61c1af87bb11688') in 0.0150317 seconds
Number of updated asset objects reloaded before import = 0Number of asset objects unloaded after import = 3

========================================================================
Received Import Request.
  Time since last request: 0.000018 seconds.
  path: Assets/Images/Stage/Player/Helper.bmp
  artifactKey: Guid(dcfb8f7c0472d3f40ab7abdbb20faf52) Importer(2089858483,192608db42251d675da83286b1cce702)
Start importing Assets/Images/Stage/Player/Helper.bmp using Guid(dcfb8f7c0472d3f40ab7abdbb20faf52) Importer(2089858483,192608db42251d675da83286b1cce702) (ScriptedImporter) -> (artifact id: '314c4d8a8a0fac8bdd5940be20e2f1f5') in 0.0130004 seconds
Number of updated asset objects reloaded before import = 0Number of asset objects unloaded after import = 3

========================================================================
Received Import Request.
  Time since last request: 0.000055 seconds.
  path: Assets/Images/Stage/Monster/air_Monster6.BMP
  artifactKey: Guid(6ae28691d48391d4daa1314391ea819e) Importer(2089858483,192608db42251d675da83286b1cce702)
Start importing Assets/Images/Stage/Monster/air_Monster6.BMP using Guid(6ae28691d48391d4daa1314391ea819e) Importer(2089858483,192608db42251d675da83286b1cce702) (ScriptedImporter) -> (artifact id: '2a4cd9989abbb19ee48ec2e850de3683') in 0.012422 seconds
Number of updated asset objects reloaded before import = 0Number of asset objects unloaded after import = 3

========================================================================
Received Import Request.
  Time since last request: 0.000067 seconds.
  path: Assets/Images/Sound/Monster1.wav
  artifactKey: Guid(39526767b998d85498ff11eb6354ee6e) Importer(2089858483,192608db42251d675da83286b1cce702)
Start importing Assets/Images/Sound/Monster1.wav using Guid(39526767b998d85498ff11eb6354ee6e) Importer(2089858483,192608db42251d675da83286b1cce702) (ScriptedImporter) -> (artifact id: '04d31d006730e814f81870d1f386363b') in 0.0238594 seconds
Number of updated asset objects reloaded before import = 0Number of asset objects unloaded after import = 1

========================================================================
Received Import Request.
  Time since last request: 0.000045 seconds.
  path: Assets/Images/Stage/logo
  artifactKey: Guid(d56a3d40734af3f4e8157b701ddb910d) Importer(2089858483,192608db42251d675da83286b1cce702)
Start importing Assets/Images/Stage/logo using Guid(d56a3d40734af3f4e8157b701ddb910d) Importer(2089858483,192608db42251d675da83286b1cce702) (ScriptedImporter) -> (artifact id: 'ea7371805b6bdead7fe60dbb7ab2ab12') in 0.0078772 seconds
Number of updated asset objects reloaded before import = 0Number of asset objects unloaded after import = 1

========================================================================
Received Import Request.
  Time since last request: 0.000104 seconds.
  path: Assets/Images/Stage/UI/Energy.bmp
  artifactKey: Guid(fa98cf70329e9014abd864dce288eaa1) Importer(2089858483,192608db42251d675da83286b1cce702)
Start importing Assets/Images/Stage/UI/Energy.bmp using Guid(fa98cf70329e9014abd864dce288eaa1) Importer(2089858483,192608db42251d675da83286b1cce702) (ScriptedImporter) -> (artifact id: '2267cdbcceb14937b3b09d5789e4de15') in 0.0122321 seconds
Number of updated asset objects reloaded before import = 0Number of asset objects unloaded after import = 3

========================================================================
Received Import Request.
  Time since last request: 0.000063 seconds.
  path: Assets/Images/Stage/Monster/BossBoat_Posin1.bmp
  artifactKey: Guid(ed27bec4fe3db8d40aaca19e1cdda65e) Importer(2089858483,192608db42251d675da83286b1cce702)
Start importing Assets/Images/Stage/Monster/BossBoat_Posin1.bmp using Guid(ed27bec4fe3db8d40aaca19e1cdda65e) Importer(2089858483,192608db42251d675da83286b1cce702) (ScriptedImporter) -> (artifact id: 'a2557d5bbadc3bf9a7e4a7f9fca728e4') in 0.0126157 seconds
Number of updated asset objects reloaded before import = 0Number of asset objects unloaded after import = 3

========================================================================
Received Import Request.
  Time since last request: 0.000103 seconds.
  path: Assets/Images/Stage/UI/Energy_bar3.bmp
  artifactKey: Guid(aeb35d3ef92a5ac42a87393d98abef57) Importer(2089858483,192608db42251d675da83286b1cce702)
Start importing Assets/Images/Stage/UI/Energy_bar3.bmp using Guid(aeb35d3ef92a5ac42a87393d98abef57) Importer(2089858483,192608db42251d675da83286b1cce702) (ScriptedImporter) -> (artifact id: '8d29ab800b5ed96279c152a2d71a5338') in 0.0134887 seconds
Number of updated asset objects reloaded before import = 0Number of asset objects unloaded after import = 3

========================================================================
Received Import Request.
  Time since last request: 0.000090 seconds.
  path: Assets/Images/Stage/Bullet/Helper_Bullet.bmp
  artifactKey: Guid(9015c7e987f1a0244963b98e34bf08bd) Importer(2089858483,192608db42251d675da83286b1cce702)
Start importing Assets/Images/Stage/Bullet/Helper_Bullet.bmp using Guid(9015c7e987f1a0244963b98e34bf08bd) Importer(2089858483,192608db42251d675da83286b1cce702) (ScriptedImporter) -> (artifact id: '62f088bf460a1f44c547d6bc63cac963') in 0.0121179 seconds
Number of updated asset objects reloaded before import = 0Number of asset objects unloaded after import = 3

========================================================================
Received Import Request.
  Time since last request: 0.000049 seconds.
  path: Assets/Images/Stage/Bullet/BojoBullet.bmp
  artifactKey: Guid(d33becc10852a4642a69cd4c36748da9) Importer(2089858483,192608db42251d675da83286b1cce702)
Start importing Assets/Images/Stage/Bullet/BojoBullet.bmp using Guid(d33becc10852a4642a69cd4c36748da9) Importer(2089858483,192608db42251d675da83286b1cce702) (ScriptedImporter) -> (artifact id: '7544e5611778f5d2a13363fb78c07b6a') in 0.0137781 seconds
Number of updated asset objects reloaded before import = 0Number of asset objects unloaded after import = 3

========================================================================
Received Import Request.
  Time since last request: 0.000064 seconds.
  path: Assets/Images/Stage/Monster/air_Monster1.bmp
  artifactKey: Guid(4252ae2445708dd4e814e1baec472df3) Importer(2089858483,192608db42251d675da83286b1cce702)
Start importing Assets/Images/Stage/Monster/air_Monster1.bmp using Guid(4252ae2445708dd4e814e1baec472df3) Importer(2089858483,192608db42251d675da83286b1cce702) (ScriptedImporter) -> (artifact id: '4885f59d1fc757638b36d754c130aa4a') in 0.0134364 seconds
Number of updated asset objects reloaded before import = 0Number of asset objects unloaded after import = 3

========================================================================
Received Import Request.
  Time since last request: 0.000079 seconds.
  path: Assets/Images/Stage/Monster/BigAirPlan - 복사본.bmp
  artifactKey: Guid(fc859b9400d979242a5cdc5d7f9a5cf0) Importer(2089858483,192608db42251d675da83286b1cce702)
Start importing Assets/Images/Stage/Monster/BigAirPlan - 복사본.bmp using Guid(fc859b9400d979242a5cdc5d7f9a5cf0) Importer(2089858483,192608db42251d675da83286b1cce702) (ScriptedImporter) -> (artifact id: '5a3801d5c83dd718632c72e1c5d7e8e8') in 0.0136607 seconds
Number of updated asset objects reloaded before import = 0Number of asset objects unloaded after import = 3

========================================================================
Received Import Request.
  Time since last request: 0.000051 seconds.
  path: Assets/Images/Sound/Loading.wav
  artifactKey: Guid(50e500b55c0da844e83e70f8d75dbfa4) Importer(2089858483,192608db42251d675da83286b1cce702)
Start importing Assets/Images/Sound/Loading.wav using Guid(50e500b55c0da844e83e70f8d75dbfa4) Importer(2089858483,192608db42251d675da83286b1cce702) (ScriptedImporter) -> (artifact id: '03c796db79b553ef4654c155a42b6a08') in 0.0152933 seconds
Number of updated asset objects reloaded before import = 0Number of asset objects unloaded after import = 1

========================================================================
Received Import Request.
  Time since last request: 0.000086 seconds.
  path: Assets/Images/Stage/Player/Player_right.bmp
  artifactKey: Guid(7306fc574c8481045986590a3f2ef59e) Importer(2089858483,192608db42251d675da83286b1cce702)
Start importing Assets/Images/Stage/Player/Player_right.bmp using Guid(7306fc574c8481045986590a3f2ef59e) Importer(2089858483,192608db42251d675da83286b1cce702) (ScriptedImporter) -> (artifact id: '48a79fc23a9beae8cb31caa7667c5495') in 0.0137331 seconds
Number of updated asset objects reloaded before import = 0Number of asset objects unloaded after import = 3

========================================================================
Received Import Request.
  Time since last request: 0.000047 seconds.
  path: Assets/Images/Stage
  artifactKey: Guid(651ec56d9b7ae934eb34045fdfe3f476) Importer(2089858483,192608db42251d675da83286b1cce702)
Start importing Assets/Images/Stage using Guid(651ec56d9b7ae934eb34045fdfe3f476) Importer(2089858483,192608db42251d675da83286b1cce702) (ScriptedImporter) -> (artifact id: 'f297b342aec44e2e685c86cb76d4cc0c') in 0.0072732 seconds
Number of updated asset objects reloaded before import = 0Number of asset objects unloaded after import = 1

========================================================================
Received Import Request.
  Time since last request: 0.000088 seconds.
  path: Assets/Images/Stage/Monster/Boat_Posin6.bmp
  artifactKey: Guid(de71598ca71d9174285837670ceb1c20) Importer(2089858483,192608db42251d675da83286b1cce702)
Start importing Assets/Images/Stage/Monster/Boat_Posin6.bmp using Guid(de71598ca71d9174285837670ceb1c20) Importer(2089858483,192608db42251d675da83286b1cce702) (ScriptedImporter) -> (artifact id: 'a8354be5f00b57d7fc172741c5c3b5b6') in 0.0108509 seconds
Number of updated asset objects reloaded before import = 0Number of asset objects unloaded after import = 3

========================================================================
Received Import Request.
  Time since last request: 0.000064 seconds.
  path: Assets/Images/Stage/Monster/fish2.bmp
  artifactKey: Guid(af141c344af7db94897a4523f47efe38) Importer(2089858483,192608db42251d675da83286b1cce702)
Start importing Assets/Images/Stage/Monster/fish2.bmp using Guid(af141c344af7db94897a4523f47efe38) Importer(2089858483,192608db42251d675da83286b1cce702) (ScriptedImporter) -> (artifact id: '46f066e4646f19cbb80f4477a52e386e') in 0.0149085 seconds
Number of updated asset objects reloaded before import = 0Number of asset objects unloaded after import = 3

========================================================================
Received Import Request.
  Time since last request: 0.000048 seconds.
  path: Assets/Images/Stage/Bullet/MBasic_Bullet2 - 복사본 (2).bmp
  artifactKey: Guid(1ae0d61bd6962ac479d5adfaaa63171f) Importer(2089858483,192608db42251d675da83286b1cce702)
Start importing Assets/Images/Stage/Bullet/MBasic_Bullet2 - 복사본 (2).bmp using Guid(1ae0d61bd6962ac479d5adfaaa63171f) Importer(2089858483,192608db42251d675da83286b1cce702) (ScriptedImporter) -> (artifact id: 'b22075f186e0e3bbea08bd438dd75b11') in 0.0143134 seconds
Number of updated asset objects reloaded before import = 0Number of asset objects unloaded after import = 3

========================================================================
Received Import Request.
  Time since last request: 0.000055 seconds.
  path: Assets/Images/Stage/UI/PowerUp.bmp
  artifactKey: Guid(d74ff6a8e96a96f488a26be301101564) Importer(2089858483,192608db42251d675da83286b1cce702)
Start importing Assets/Images/Stage/UI/PowerUp.bmp using Guid(d74ff6a8e96a96f488a26be301101564) Importer(2089858483,192608db42251d675da83286b1cce702) (ScriptedImporter) -> (artifact id: '20ae7fcc252d5b25d2fff872f7c5c4a9') in 0.0120759 seconds
Number of updated asset objects reloaded before import = 0Number of asset objects unloaded after import = 3

========================================================================
Received Import Request.
  Time since last request: 0.000062 seconds.
  path: Assets/Images/Stage/Player/Player.bmp
  artifactKey: Guid(1c11e83bc911cd64e9bfcafa8db2a3ce) Importer(2089858483,192608db42251d675da83286b1cce702)
Start importing Assets/Images/Stage/Player/Player.bmp using Guid(1c11e83bc911cd64e9bfcafa8db2a3ce) Importer(2089858483,192608db42251d675da83286b1cce702) (ScriptedImporter) -> (artifact id: 'f34449ffc47d51404a5ac545ac098457') in 0.0124713 seconds
Number of updated asset objects reloaded before import = 0Number of asset objects unloaded after import = 3

========================================================================
Received Import Request.
  Time since last request: 0.000060 seconds.
  path: Assets/Images/Stage/Monster/Monster_2.bmp
  artifactKey: Guid(962dbbe33fe9dc34aa2b7605fc709821) Importer(2089858483,192608db42251d675da83286b1cce702)
Start importing Assets/Images/Stage/Monster/Monster_2.bmp using Guid(962dbbe33fe9dc34aa2b7605fc709821) Importer(2089858483,192608db42251d675da83286b1cce702) (ScriptedImporter) -> (artifact id: '106d92d046e35e55965e4d26494e9079') in 0.012581 seconds
Number of updated asset objects reloaded before import = 0Number of asset objects unloaded after import = 3

========================================================================
Received Import Request.
  Time since last request: 0.000054 seconds.
  path: Assets/Images/Stage/Monster/Boss_propeller.bmp
  artifactKey: Guid(201efdee88953b74cace1ffc86110fd0) Importer(2089858483,192608db42251d675da83286b1cce702)
Start importing Assets/Images/Stage/Monster/Boss_propeller.bmp using Guid(201efdee88953b74cace1ffc86110fd0) Importer(2089858483,192608db42251d675da83286b1cce702) (ScriptedImporter) -> (artifact id: '9ce77723c364a4d4ed5e5b57ef29a229') in 0.0139231 seconds
Number of updated asset objects reloaded before import = 0Number of asset objects unloaded after import = 3

========================================================================
Received Import Request.
  Time since last request: 0.000096 seconds.
  path: Assets/Images/Stage/Player/Helper - 복사본.bmp
  artifactKey: Guid(70158f8882c8db444b20566c1ff40f9a) Importer(2089858483,192608db42251d675da83286b1cce702)
Start importing Assets/Images/Stage/Player/Helper - 복사본.bmp using Guid(70158f8882c8db444b20566c1ff40f9a) Importer(2089858483,192608db42251d675da83286b1cce702) (ScriptedImporter) -> (artifact id: 'b91c502d2105af026fd6cb204072993b') in 0.0136276 seconds
Number of updated asset objects reloaded before import = 0Number of asset objects unloaded after import = 3

========================================================================
Received Import Request.
  Time since last request: 0.000055 seconds.
  path: Assets/Images/Stage/Monster/BossBoat_Posin6.bmp
  artifactKey: Guid(97a84b851f9cc134a8814b0d0eae8f61) Importer(2089858483,192608db42251d675da83286b1cce702)
Start importing Assets/Images/Stage/Monster/BossBoat_Posin6.bmp using Guid(97a84b851f9cc134a8814b0d0eae8f61) Importer(2089858483,192608db42251d675da83286b1cce702) (ScriptedImporter) -> (artifact id: '006dcc78b6cdac8d39ed693729db60ad') in 0.013238 seconds
Number of updated asset objects reloaded before import = 0Number of asset objects unloaded after import = 3

========================================================================
Received Import Request.
  Time since last request: 0.000014 seconds.
  path: Assets/Images/Stage/UI/PowerDown.bmp
  artifactKey: Guid(9764be96d4821f94690e130a493c1104) Importer(2089858483,192608db42251d675da83286b1cce702)
Start importing Assets/Images/Stage/UI/PowerDown.bmp using Guid(9764be96d4821f94690e130a493c1104) Importer(2089858483,192608db42251d675da83286b1cce702) (ScriptedImporter) -> (artifact id: '2e32ad494d422fc418f6f05efe2a913d') in 0.0115537 seconds
Number of updated asset objects reloaded before import = 0Number of asset objects unloaded after import = 3

========================================================================
Received Import Request.
  Time since last request: 0.000070 seconds.
  path: Assets/Images/Stage/Effect/Effect_Boss.bmp
  artifactKey: Guid(8284d699059b0884abbdca08440a69dd) Importer(2089858483,192608db42251d675da83286b1cce702)
Start importing Assets/Images/Stage/Effect/Effect_Boss.bmp using Guid(8284d699059b0884abbdca08440a69dd) Importer(2089858483,192608db42251d675da83286b1cce702) (ScriptedImporter) -> (artifact id: 'f2d4c1f3109dc1ff924583358ad4c9ac') in 0.0118744 seconds
Number of updated asset objects reloaded before import = 0Number of asset objects unloaded after import = 3

========================================================================
Received Import Request.
  Time since last request: 0.000059 seconds.
  path: Assets/Images/Stage/Effect
  artifactKey: Guid(33a59484ff9a70d4faff220857c74101) Importer(2089858483,192608db42251d675da83286b1cce702)
Start importing Assets/Images/Stage/Effect using Guid(33a59484ff9a70d4faff220857c74101) Importer(2089858483,192608db42251d675da83286b1cce702) (ScriptedImporter) -> (artifact id: '3c105993290e993e4b5b1b8ace69f2bb') in 0.0079735 seconds
Number of updated asset objects reloaded before import = 0Number of asset objects unloaded after import = 1

========================================================================
Received Import Request.
  Time since last request: 0.000110 seconds.
  path: Assets/Images/Stage/Monster/BossBoat_Posin7.bmp
  artifactKey: Guid(ab89b3bca515d0f4c9b268154e814d23) Importer(2089858483,192608db42251d675da83286b1cce702)
Start importing Assets/Images/Stage/Monster/BossBoat_Posin7.bmp using Guid(ab89b3bca515d0f4c9b268154e814d23) Importer(2089858483,192608db42251d675da83286b1cce702) (ScriptedImporter) -> (artifact id: '1cf87263930385050df185ee3e56fee0') in 0.0113639 seconds
Number of updated asset objects reloaded before import = 0Number of asset objects unloaded after import = 3

========================================================================
Received Import Request.
  Time since last request: 0.000053 seconds.
  path: Assets/Images/Stage/Monster/Monster_5_right.bmp
  artifactKey: Guid(4896e8ddd67f35f48b15750a1762838e) Importer(2089858483,192608db42251d675da83286b1cce702)
Start importing Assets/Images/Stage/Monster/Monster_5_right.bmp using Guid(4896e8ddd67f35f48b15750a1762838e) Importer(2089858483,192608db42251d675da83286b1cce702) (ScriptedImporter) -> (artifact id: '33b6d7a6590137bd084243224c8ef5d7') in 0.0136468 seconds
Number of updated asset objects reloaded before import = 0Number of asset objects unloaded after import = 3

========================================================================
Received Import Request.
  Time since last request: 0.000061 seconds.
  path: Assets/Images/Stage/Monster/Boat_Delete.bmp
  artifactKey: Guid(5d3ddf543616e4141956fc3c22604455) Importer(2089858483,192608db42251d675da83286b1cce702)
Start importing Assets/Images/Stage/Monster/Boat_Delete.bmp using Guid(5d3ddf543616e4141956fc3c22604455) Importer(2089858483,192608db42251d675da83286b1cce702) (ScriptedImporter) -> (artifact id: 'bb426d936ddf773ec92dfa0efde1c8cb') in 0.0123645 seconds
Number of updated asset objects reloaded before import = 0Number of asset objects unloaded after import = 3

========================================================================
Received Import Request.
  Time since last request: 0.000063 seconds.
  path: Assets/Images/Stage/UI/Status_Top.bmp
  artifactKey: Guid(fda9765712bfa6442bdc56dbc0de4309) Importer(2089858483,192608db42251d675da83286b1cce702)
Start importing Assets/Images/Stage/UI/Status_Top.bmp using Guid(fda9765712bfa6442bdc56dbc0de4309) Importer(2089858483,192608db42251d675da83286b1cce702) (ScriptedImporter) -> (artifact id: '7f1880de2fd2f3a6bccd3d87260e30f2') in 0.0117065 seconds
Number of updated asset objects reloaded before import = 0Number of asset objects unloaded after import = 3

========================================================================
Received Import Request.
  Time since last request: 0.000015 seconds.
  path: Assets/Images/Sound
  artifactKey: Guid(7d29c21bcf04a6d43ab3ee25e00df787) Importer(2089858483,192608db42251d675da83286b1cce702)
Start importing Assets/Images/Sound using Guid(7d29c21bcf04a6d43ab3ee25e00df787) Importer(2089858483,192608db42251d675da83286b1cce702) (ScriptedImporter) -> (artifact id: '3d9e4aa58de45b1a544715c2f9ef95be') in 0.0077461 seconds
Number of updated asset objects reloaded before import = 0Number of asset objects unloaded after import = 1

========================================================================
Received Import Request.
  Time since last request: 0.000087 seconds.
  path: Assets/Images/Stage/Monster/Monster_1.bmp
  artifactKey: Guid(8c7ccbaf2557497489bdd20a516ad185) Importer(2089858483,192608db42251d675da83286b1cce702)
Start importing Assets/Images/Stage/Monster/Monster_1.bmp using Guid(8c7ccbaf2557497489bdd20a516ad185) Importer(2089858483,192608db42251d675da83286b1cce702) (ScriptedImporter) -> (artifact id: 'b18da4df426b6b95069090e30417be76') in 0.0140454 seconds
Number of updated asset objects reloaded before import = 0Number of asset objects unloaded after import = 3

========================================================================
Received Import Request.
  Time since last request: 0.000070 seconds.
  path: Assets/Images/Stage/Bullet/Bullet_Eg_d.bmp
  artifactKey: Guid(24527eae30fd8324cbce81af9db08d6f) Importer(2089858483,192608db42251d675da83286b1cce702)
Start importing Assets/Images/Stage/Bullet/Bullet_Eg_d.bmp using Guid(24527eae30fd8324cbce81af9db08d6f) Importer(2089858483,192608db42251d675da83286b1cce702) (ScriptedImporter) -> (artifact id: '7b65a4e2a7ea5b764fec2545cd414de2') in 0.0131877 seconds
Number of updated asset objects reloaded before import = 0Number of asset objects unloaded after import = 3

========================================================================
Received Import Request.
  Time since last request: 0.000041 seconds.
  path: Assets/Images/Stage/Monster/Boat_Posin2.bmp
  artifactKey: Guid(e2678210d368f7a4093d111f4107483f) Importer(2089858483,192608db42251d675da83286b1cce702)
Start importing Assets/Images/Stage/Monster/Boat_Posin2.bmp using Guid(e2678210d368f7a4093d111f4107483f) Importer(2089858483,192608db42251d675da83286b1cce702) (ScriptedImporter) -> (artifact id: 'e747852fb57646c085cdce1f30729782') in 0.0123155 seconds
Number of updated asset objects reloaded before import = 0Number of asset objects unloaded after import = 3

========================================================================
Received Import Request.
  Time since last request: 0.000036 seconds.
  path: Assets/Images/Stage/Item/Item_Power.bmp
  artifactKey: Guid(249c9304e3e205747bd462fcb1fd2371) Importer(2089858483,192608db42251d675da83286b1cce702)
Start importing Assets/Images/Stage/Item/Item_Power.bmp using Guid(249c9304e3e205747bd462fcb1fd2371) Importer(2089858483,192608db42251d675da83286b1cce702) (ScriptedImporter) -> (artifact id: '33b49d464227af2729dc7552e54780cb') in 0.0101855 seconds
Number of updated asset objects reloaded before import = 0Number of asset objects unloaded after import = 3

========================================================================
Received Import Request.
  Time since last request: 0.000069 seconds.
  path: Assets/Images/Stage/Bullet/Magic_Elec2.bmp
  artifactKey: Guid(bd1c0b4f5752ce24cb1af77f30285f52) Importer(2089858483,192608db42251d675da83286b1cce702)
Start importing Assets/Images/Stage/Bullet/Magic_Elec2.bmp using Guid(bd1c0b4f5752ce24cb1af77f30285f52) Importer(2089858483,192608db42251d675da83286b1cce702) (ScriptedImporter) -> (artifact id: 'eb61a5030afc7fd029d6ac7a17dc5aea') in 0.0124495 seconds
Number of updated asset objects reloaded before import = 0Number of asset objects unloaded after import = 3

========================================================================
Received Import Request.
  Time since last request: 0.000043 seconds.
  path: Assets/Images/Stage/Monster/Boss_change.bmp
  artifactKey: Guid(f45061f3aba1b3644b49e1f5cb231d37) Importer(2089858483,192608db42251d675da83286b1cce702)
Start importing Assets/Images/Stage/Monster/Boss_change.bmp using Guid(f45061f3aba1b3644b49e1f5cb231d37) Importer(2089858483,192608db42251d675da83286b1cce702) (ScriptedImporter) -> (artifact id: 'c44fbd80430339b2994492a7556764ec') in 0.0152443 seconds
Number of updated asset objects reloaded before import = 0Number of asset objects unloaded after import = 3

========================================================================
Received Import Request.
  Time since last request: 0.000029 seconds.
  path: Assets/Images/Stage/Monster/air_Monster2.BMP
  artifactKey: Guid(090b25bf687e20547a39f153600225d1) Importer(2089858483,192608db42251d675da83286b1cce702)
Start importing Assets/Images/Stage/Monster/air_Monster2.BMP using Guid(090b25bf687e20547a39f153600225d1) Importer(2089858483,192608db42251d675da83286b1cce702) (ScriptedImporter) -> (artifact id: 'eebf06343c88e8fee4b4d72f293e548f') in 0.0121212 seconds
Number of updated asset objects reloaded before import = 0Number of asset objects unloaded after import = 3

========================================================================
Received Import Request.
  Time since last request: 0.000018 seconds.
  path: Assets/Images/Stage/logo/character - 복사본 - 복사본.bmp
  artifactKey: Guid(797c851d27623f445a8fc2d92e066538) Importer(2089858483,192608db42251d675da83286b1cce702)
Start importing Assets/Images/Stage/logo/character - 복사본 - 복사본.bmp using Guid(797c851d27623f445a8fc2d92e066538) Importer(2089858483,192608db42251d675da83286b1cce702) (ScriptedImporter) -> (artifact id: 'acfce56484166b3a9eadb48316057eae') in 0.0128189 seconds
Number of updated asset objects reloaded before import = 0Number of asset objects unloaded after import = 3

========================================================================
Received Import Request.
  Time since last request: 0.000105 seconds.
  path: Assets/Images/Stage/Monster/Boat_Posin4.bmp
  artifactKey: Guid(3adc0fdb85454704a961b95c901ca17f) Importer(2089858483,192608db42251d675da83286b1cce702)
Start importing Assets/Images/Stage/Monster/Boat_Posin4.bmp using Guid(3adc0fdb85454704a961b95c901ca17f) Importer(2089858483,192608db42251d675da83286b1cce702) (ScriptedImporter) -> (artifact id: '668f4d1e7c346627ece340cfe1dc2f16') in 0.0118635 seconds
Number of updated asset objects reloaded before import = 0Number of asset objects unloaded after import = 3

========================================================================
Received Import Request.
  Time since last request: 0.000041 seconds.
  path: Assets/Images/Stage/StageBack/Stage_2.bmp
  artifactKey: Guid(223dd2499bd047140943371f2a54420f) Importer(2089858483,192608db42251d675da83286b1cce702)
Start importing Assets/Images/Stage/StageBack/Stage_2.bmp using Guid(223dd2499bd047140943371f2a54420f) Importer(2089858483,192608db42251d675da83286b1cce702) (ScriptedImporter) -> (artifact id: '84311692d655cec2d4254e4f27e3ed0a') in 0.013312 seconds
Number of updated asset objects reloaded before import = 0Number of asset objects unloaded after import = 3

========================================================================
Received Import Request.
  Time since last request: 0.000032 seconds.
  path: Assets/Images/Stage/Monster/BossBoat_Posin4.bmp
  artifactKey: Guid(cc170bb4903e57c409e141e14754ae44) Importer(2089858483,192608db42251d675da83286b1cce702)
Start importing Assets/Images/Stage/Monster/BossBoat_Posin4.bmp using Guid(cc170bb4903e57c409e141e14754ae44) Importer(2089858483,192608db42251d675da83286b1cce702) (ScriptedImporter) -> (artifact id: '9058c2140a3a6da8977a58ed813c008d') in 0.0159286 seconds
Number of updated asset objects reloaded before import = 0Number of asset objects unloaded after import = 3

========================================================================
Received Import Request.
  Time since last request: 0.000015 seconds.
  path: Assets/Images/Stage/Bullet/fire_lazer.bmp
  artifactKey: Guid(06153173d0804c34b8fdd32a89cc17e2) Importer(2089858483,192608db42251d675da83286b1cce702)
Start importing Assets/Images/Stage/Bullet/fire_lazer.bmp using Guid(06153173d0804c34b8fdd32a89cc17e2) Importer(2089858483,192608db42251d675da83286b1cce702) (ScriptedImporter) -> (artifact id: '16d5865e4ffe824227fc2b14c7b5aa2d') in 0.0133039 seconds
Number of updated asset objects reloaded before import = 0Number of asset objects unloaded after import = 3

========================================================================
Received Import Request.
  Time since last request: 0.000024 seconds.
  path: Assets/Images/Stage/Bullet/Bullet_Mob_A.bmp
  artifactKey: Guid(d3d876d16c597444298e77cb9c5996fa) Importer(2089858483,192608db42251d675da83286b1cce702)
Start importing Assets/Images/Stage/Bullet/Bullet_Mob_A.bmp using Guid(d3d876d16c597444298e77cb9c5996fa) Importer(2089858483,192608db42251d675da83286b1cce702) (ScriptedImporter) -> (artifact id: 'a9606f91bfe3c81345783bbc69cefcf7') in 0.0136539 seconds
Number of updated asset objects reloaded before import = 0Number of asset objects unloaded after import = 3

========================================================================
Received Import Request.
  Time since last request: 0.000043 seconds.
  path: Assets/Images/Stage/Bullet/Stage2_Bullet.bmp
  artifactKey: Guid(2b8dce17d9a238c458e799f3f2980709) Importer(2089858483,192608db42251d675da83286b1cce702)
Start importing Assets/Images/Stage/Bullet/Stage2_Bullet.bmp using Guid(2b8dce17d9a238c458e799f3f2980709) Importer(2089858483,192608db42251d675da83286b1cce702) (ScriptedImporter) -> (artifact id: 'a3e31dda960b07bd655f24d80d1b76f5') in 0.0141226 seconds
Number of updated asset objects reloaded before import = 0Number of asset objects unloaded after import = 3

========================================================================
Received Import Request.
  Time since last request: 0.000021 seconds.
  path: Assets/Images/Stage/Score
  artifactKey: Guid(c463c196619fda0499c08a640cd61b4f) Importer(2089858483,192608db42251d675da83286b1cce702)
Start importing Assets/Images/Stage/Score using Guid(c463c196619fda0499c08a640cd61b4f) Importer(2089858483,192608db42251d675da83286b1cce702) (ScriptedImporter) -> (artifact id: '86b4450bd860a1f6ffe705818541ad90') in 0.0089675 seconds
Number of updated asset objects reloaded before import = 0Number of asset objects unloaded after import = 1

========================================================================
Received Import Request.
  Time since last request: 0.000098 seconds.
  path: Assets/Images/Stage/Monster/BossBoat_Posin5.bmp
  artifactKey: Guid(916e5541731b0e1429c5ca0bf1955385) Importer(2089858483,192608db42251d675da83286b1cce702)
Start importing Assets/Images/Stage/Monster/BossBoat_Posin5.bmp using Guid(916e5541731b0e1429c5ca0bf1955385) Importer(2089858483,192608db42251d675da83286b1cce702) (ScriptedImporter) -> (artifact id: '655d953014703e79f7dedf55072c520a') in 0.0161246 seconds
Number of updated asset objects reloaded before import = 0Number of asset objects unloaded after import = 3

========================================================================
Received Import Request.
  Time since last request: 0.000060 seconds.
  path: Assets/Images/Stage/Monster/Boss_head.bmp
  artifactKey: Guid(0f1938bf327c6a645a74cf6ca53be76b) Importer(2089858483,192608db42251d675da83286b1cce702)
Start importing Assets/Images/Stage/Monster/Boss_head.bmp using Guid(0f1938bf327c6a645a74cf6ca53be76b) Importer(2089858483,192608db42251d675da83286b1cce702) (ScriptedImporter) -> (artifact id: '469f39502150e5e6263eb0a77ed78e2e') in 0.0126222 seconds
Number of updated asset objects reloaded before import = 0Number of asset objects unloaded after import = 3

========================================================================
Received Import Request.
  Time since last request: 0.000061 seconds.
  path: Assets/Images/Stage/Monster/Boss_change2.bmp
  artifactKey: Guid(e335c13d587228e489b98374b0c50c96) Importer(2089858483,192608db42251d675da83286b1cce702)
Start importing Assets/Images/Stage/Monster/Boss_change2.bmp using Guid(e335c13d587228e489b98374b0c50c96) Importer(2089858483,192608db42251d675da83286b1cce702) (ScriptedImporter) -> (artifact id: '82b3d339d1706bf87f41ac28157cb7cc') in 0.01261 seconds
Number of updated asset objects reloaded before import = 0Number of asset objects unloaded after import = 3

========================================================================
Received Import Request.
  Time since last request: 0.000031 seconds.
  path: Assets/Images/Stage/Effect/Effect_Power.bmp
  artifactKey: Guid(1ad5fbd94875d014aabd9c375c045007) Importer(2089858483,192608db42251d675da83286b1cce702)
Start importing Assets/Images/Stage/Effect/Effect_Power.bmp using Guid(1ad5fbd94875d014aabd9c375c045007) Importer(2089858483,192608db42251d675da83286b1cce702) (ScriptedImporter) -> (artifact id: '101d1384640975c8520a07d42eaee0fe') in 0.0126881 seconds
Number of updated asset objects reloaded before import = 0Number of asset objects unloaded after import = 3

========================================================================
Received Import Request.
  Time since last request: 0.000017 seconds.
  path: Assets/Images/Stage/Effect/Effect_7.bmp
  artifactKey: Guid(d263ee2b4015b7043a658e17ad18d30c) Importer(2089858483,192608db42251d675da83286b1cce702)
Start importing Assets/Images/Stage/Effect/Effect_7.bmp using Guid(d263ee2b4015b7043a658e17ad18d30c) Importer(2089858483,192608db42251d675da83286b1cce702) (ScriptedImporter) -> (artifact id: 'eb2d4618a98289d90b606430040a35b0') in 0.0142651 seconds
Number of updated asset objects reloaded before import = 0Number of asset objects unloaded after import = 3

========================================================================
Received Import Request.
  Time since last request: 0.000052 seconds.
  path: Assets/Images/Video
  artifactKey: Guid(8cd50baadf9898d4abd79ecd19e9078b) Importer(2089858483,192608db42251d675da83286b1cce702)
Start importing Assets/Images/Video using Guid(8cd50baadf9898d4abd79ecd19e9078b) Importer(2089858483,192608db42251d675da83286b1cce702) (ScriptedImporter) -> (artifact id: '85bb8f5d73ed67e500c86f06973e627a') in 0.0079281 seconds
Number of updated asset objects reloaded before import = 0Number of asset objects unloaded after import = 1

========================================================================
Received Import Request.
  Time since last request: 0.000083 seconds.
  path: Assets/Images/Stage/Effect/test.bmp
  artifactKey: Guid(2fbbb6adb0e321b47a35167c93e25923) Importer(2089858483,192608db42251d675da83286b1cce702)
Start importing Assets/Images/Stage/Effect/test.bmp using Guid(2fbbb6adb0e321b47a35167c93e25923) Importer(2089858483,192608db42251d675da83286b1cce702) (ScriptedImporter) -> (artifact id: '6c9ccf65c482cf205318d516841fef96') in 0.0182583 seconds
Number of updated asset objects reloaded before import = 0Number of asset objects unloaded after import = 3

========================================================================
Received Import Request.
  Time since last request: 0.000021 seconds.
  path: Assets/Images/Stage/UI/Energy - 복사본.bmp
  artifactKey: Guid(4ab87f69680d63548a15142e32a42fd3) Importer(2089858483,192608db42251d675da83286b1cce702)
Start importing Assets/Images/Stage/UI/Energy - 복사본.bmp using Guid(4ab87f69680d63548a15142e32a42fd3) Importer(2089858483,192608db42251d675da83286b1cce702) (ScriptedImporter) -> (artifact id: 'c8566be1cec239d78ee0d9ecfcb8c7f6') in 0.0147675 seconds
Number of updated asset objects reloaded before import = 0Number of asset objects unloaded after import = 3

========================================================================
Received Import Request.
  Time since last request: 0.000096 seconds.
  path: Assets/Images/Stage/Bullet/Bullet_Eg_c.bmp
  artifactKey: Guid(955fb77231fcccc499e11093ef70961a) Importer(2089858483,192608db42251d675da83286b1cce702)
Start importing Assets/Images/Stage/Bullet/Bullet_Eg_c.bmp using Guid(955fb77231fcccc499e11093ef70961a) Importer(2089858483,192608db42251d675da83286b1cce702) (ScriptedImporter) -> (artifact id: '45090ec1be8e5722232a8275b66cb8d0') in 0.013765 seconds
Number of updated asset objects reloaded before import = 0Number of asset objects unloaded after import = 3

========================================================================
Received Import Request.
  Time since last request: 0.000060 seconds.
  path: Assets/Images/Sound/Stage1.wav
  artifactKey: Guid(fe1fa70fc917e204aa2c3fdcad1a7f35) Importer(2089858483,192608db42251d675da83286b1cce702)
Start importing Assets/Images/Sound/Stage1.wav using Guid(fe1fa70fc917e204aa2c3fdcad1a7f35) Importer(2089858483,192608db42251d675da83286b1cce702) (ScriptedImporter) -> (artifact id: 'db81fe0c3bae861a656e03aa70bcfa7d') in 0.0230187 seconds
Number of updated asset objects reloaded before import = 0Number of asset objects unloaded after import = 1

========================================================================
Received Import Request.
  Time since last request: 0.000113 seconds.
  path: Assets/Images/Stage/Monster/Monster_6_right.bmp
  artifactKey: Guid(8dc3b39a076aaa94786d9431f9c9f940) Importer(2089858483,192608db42251d675da83286b1cce702)
Start importing Assets/Images/Stage/Monster/Monster_6_right.bmp using Guid(8dc3b39a076aaa94786d9431f9c9f940) Importer(2089858483,192608db42251d675da83286b1cce702) (ScriptedImporter) -> (artifact id: '34f4093bc6a097b816ebd94bd1a984c2') in 0.0163589 seconds
Number of updated asset objects reloaded before import = 0Number of asset objects unloaded after import = 3

========================================================================
Received Import Request.
  Time since last request: 0.000071 seconds.
  path: Assets/Images/Stage/UI/Credit.bmp
  artifactKey: Guid(8a33b075bfeaf864cb13bb3d50a3cf30) Importer(2089858483,192608db42251d675da83286b1cce702)
Start importing Assets/Images/Stage/UI/Credit.bmp using Guid(8a33b075bfeaf864cb13bb3d50a3cf30) Importer(2089858483,192608db42251d675da83286b1cce702) (ScriptedImporter) -> (artifact id: '9d6849c24047ae976f5d98eaea282a48') in 0.0185237 seconds
Number of updated asset objects reloaded before import = 0Number of asset objects unloaded after import = 3

========================================================================
Received Import Request.
  Time since last request: 0.000075 seconds.
  path: Assets/Images/Stage/Monster/air_Monster5.BMP
  artifactKey: Guid(d3b1f6ebe82fee141862bc73ab5b94e8) Importer(2089858483,192608db42251d675da83286b1cce702)
Start importing Assets/Images/Stage/Monster/air_Monster5.BMP using Guid(d3b1f6ebe82fee141862bc73ab5b94e8) Importer(2089858483,192608db42251d675da83286b1cce702) (ScriptedImporter) -> (artifact id: '5549d87b7116032c6ebe2f0d7707f755') in 0.0183003 seconds
Number of updated asset objects reloaded before import = 0Number of asset objects unloaded after import = 3

========================================================================
Received Import Request.
  Time since last request: 0.000062 seconds.
  path: Assets/Images/Stage/Monster/Monster_4.bmp
  artifactKey: Guid(3502b9611ad0fde42b5326a010f1ff7e) Importer(2089858483,192608db42251d675da83286b1cce702)
Start importing Assets/Images/Stage/Monster/Monster_4.bmp using Guid(3502b9611ad0fde42b5326a010f1ff7e) Importer(2089858483,192608db42251d675da83286b1cce702) (ScriptedImporter) -> (artifact id: '26afc681bfdfec9b268fc090dab26502') in 0.0171854 seconds
Number of updated asset objects reloaded before import = 0Number of asset objects unloaded after import = 3

========================================================================
Received Import Request.
  Time since last request: 0.000091 seconds.
  path: Assets/Images/Sound/Bomb.wav
  artifactKey: Guid(1cc5dde9bf3480046a5d2fe028dd4cc2) Importer(2089858483,192608db42251d675da83286b1cce702)
Start importing Assets/Images/Sound/Bomb.wav using Guid(1cc5dde9bf3480046a5d2fe028dd4cc2) Importer(2089858483,192608db42251d675da83286b1cce702) (ScriptedImporter) -> (artifact id: '136181412462dea53443677af05ce689') in 0.0197683 seconds
Number of updated asset objects reloaded before import = 0Number of asset objects unloaded after import = 1

========================================================================
Received Import Request.
  Time since last request: 0.000102 seconds.
  path: Assets/Images/Stage/Monster/Monster_6_left.bmp
  artifactKey: Guid(1aa1da69f0a508a45a2ce526d700fb10) Importer(2089858483,192608db42251d675da83286b1cce702)
Start importing Assets/Images/Stage/Monster/Monster_6_left.bmp using Guid(1aa1da69f0a508a45a2ce526d700fb10) Importer(2089858483,192608db42251d675da83286b1cce702) (ScriptedImporter) -> (artifact id: '938855966363c0b9b626f88eb4b286b7') in 0.017933 seconds
Number of updated asset objects reloaded before import = 0Number of asset objects unloaded after import = 3

========================================================================
Received Import Request.
  Time since last request: 0.000082 seconds.
  path: Assets/Images/Stage/Player/Player_left.bmp
  artifactKey: Guid(5a479d82ba0ae7141853964a8c3bfc3d) Importer(2089858483,192608db42251d675da83286b1cce702)
Start importing Assets/Images/Stage/Player/Player_left.bmp using Guid(5a479d82ba0ae7141853964a8c3bfc3d) Importer(2089858483,192608db42251d675da83286b1cce702) (ScriptedImporter) -> (artifact id: '4aef0c65c8ded314a63da874702de912') in 0.0174248 seconds
Number of updated asset objects reloaded before import = 0Number of asset objects unloaded after import = 3

========================================================================
Received Import Request.
  Time since last request: 0.000025 seconds.
  path: Assets/Images/Stage/Bomb/Bomb_Bullet4.bmp
  artifactKey: Guid(cce16325b39e6824981388fb745af2a9) Importer(2089858483,192608db42251d675da83286b1cce702)
Start importing Assets/Images/Stage/Bomb/Bomb_Bullet4.bmp using Guid(cce16325b39e6824981388fb745af2a9) Importer(2089858483,192608db42251d675da83286b1cce702) (ScriptedImporter) -> (artifact id: 'd2a86197a545b416520a28e6cdafa867') in 0.0190164 seconds
Number of updated asset objects reloaded before import = 0Number of asset objects unloaded after import = 3

========================================================================
Received Import Request.
  Time since last request: 0.000062 seconds.
  path: Assets/Images/Stage/Bullet/LMBullet_Foward.bmp
  artifactKey: Guid(7a56dd62c4bfcd041b03f9956e9620e9) Importer(2089858483,192608db42251d675da83286b1cce702)
Start importing Assets/Images/Stage/Bullet/LMBullet_Foward.bmp using Guid(7a56dd62c4bfcd041b03f9956e9620e9) Importer(2089858483,192608db42251d675da83286b1cce702) (ScriptedImporter) -> (artifact id: 'a0f9349e64dc6a65e0f7a14bc772fc2e') in 0.0132803 seconds
Number of updated asset objects reloaded before import = 0Number of asset objects unloaded after import = 3

========================================================================
Received Import Request.
  Time since last request: 0.000039 seconds.
  path: Assets/Images/Stage/Item/Item_Bomb.bmp
  artifactKey: Guid(2dd8a3390bffa55489c98c87079532f4) Importer(2089858483,192608db42251d675da83286b1cce702)
Start importing Assets/Images/Stage/Item/Item_Bomb.bmp using Guid(2dd8a3390bffa55489c98c87079532f4) Importer(2089858483,192608db42251d675da83286b1cce702) (ScriptedImporter) -> (artifact id: 'c227599c0094e888aacad2dca5a5e0c2') in 0.0169678 seconds
Number of updated asset objects reloaded before import = 0Number of asset objects unloaded after import = 3

========================================================================
Received Import Request.
  Time since last request: 0.000016 seconds.
  path: Assets/Images/Stage/Monster/Boss_left2.bmp
  artifactKey: Guid(e981dc5d2accf9f41a87aed4b9af26eb) Importer(2089858483,192608db42251d675da83286b1cce702)
Start importing Assets/Images/Stage/Monster/Boss_left2.bmp using Guid(e981dc5d2accf9f41a87aed4b9af26eb) Importer(2089858483,192608db42251d675da83286b1cce702) (ScriptedImporter) -> (artifact id: 'fc6ff72ce099c0747964c2eb42a7b551') in 0.0163723 seconds
Number of updated asset objects reloaded before import = 0Number of asset objects unloaded after import = 3

========================================================================
Received Import Request.
  Time since last request: 0.000031 seconds.
  path: Assets/Images/Stage/Monster/Monster_5.bmp
  artifactKey: Guid(2458f583cef7a08439266efab94d731d) Importer(2089858483,192608db42251d675da83286b1cce702)
Start importing Assets/Images/Stage/Monster/Monster_5.bmp using Guid(2458f583cef7a08439266efab94d731d) Importer(2089858483,192608db42251d675da83286b1cce702) (ScriptedImporter) -> (artifact id: 'b9cc5ab2f34cbd38ae6a5f1539da9f2b') in 0.0168502 seconds
Number of updated asset objects reloaded before import = 0Number of asset objects unloaded after import = 3

========================================================================
Received Import Request.
  Time since last request: 0.000038 seconds.
  path: Assets/Images/Stage/Monster/Boss_body.bmp
  artifactKey: Guid(8d41f966f77966b49b6c9acecb5a560e) Importer(2089858483,192608db42251d675da83286b1cce702)
Start importing Assets/Images/Stage/Monster/Boss_body.bmp using Guid(8d41f966f77966b49b6c9acecb5a560e) Importer(2089858483,192608db42251d675da83286b1cce702) (ScriptedImporter) -> (artifact id: 'd6e28e470174eb938d2f35f62cf6f6b7') in 0.0212784 seconds
Number of updated asset objects reloaded before import = 0Number of asset objects unloaded after import = 3

========================================================================
Received Import Request.
  Time since last request: 0.000032 seconds.
  path: Assets/Images/Stage/Player/Move_LR_A.bmp
  artifactKey: Guid(89281bdd4732f7e4e97aab17d9554ed1) Importer(2089858483,192608db42251d675da83286b1cce702)
Start importing Assets/Images/Stage/Player/Move_LR_A.bmp using Guid(89281bdd4732f7e4e97aab17d9554ed1) Importer(2089858483,192608db42251d675da83286b1cce702) (ScriptedImporter) -> (artifact id: '3f055800f16dbb380ff0f9c26a38af0c') in 0.0208223 seconds
Number of updated asset objects reloaded before import = 0Number of asset objects unloaded after import = 3

Editor requested this worker to shutdown with reason: Scaling down because of idle timeout
AssetImportWorker is now disconnected from the server
Process exiting
Exiting without the bug reporter. Application will terminate with return code 0